<testsuites id="" name="" tests="378" failures="102" skipped="0" errors="0" time="1839.4362549999998">
<testsuite name="01-sale-flow.spec.ts" timestamp="2026-02-03T15:51:46.613Z" hostname="chromium" tests="8" failures="0" skipped="0" time="8.572" errors="0">
<testcase name="Complete Sale Flow › should complete a basic sale" classname="01-sale-flow.spec.ts" time="1.14">
</testcase>
<testcase name="Complete Sale Flow › should display product categories" classname="01-sale-flow.spec.ts" time="1.068">
</testcase>
<testcase name="Complete Sale Flow › should handle order creation flow" classname="01-sale-flow.spec.ts" time="1.021">
</testcase>
<testcase name="Waiter Flow › should load waiter interface" classname="01-sale-flow.spec.ts" time="1.048">
</testcase>
<testcase name="Waiter Flow › should display table/zone selection" classname="01-sale-flow.spec.ts" time="1.104">
</testcase>
<testcase name="KDS Flow › should load kitchen display" classname="01-sale-flow.spec.ts" time="1.065">
</testcase>
<testcase name="KDS Flow › should load horno/parrilla display" classname="01-sale-flow.spec.ts" time="1.068">
</testcase>
<testcase name="KDS Flow › should load bar display" classname="01-sale-flow.spec.ts" time="1.058">
</testcase>
</testsuite>
<testsuite name="02-offline-sync.spec.ts" timestamp="2026-02-03T15:51:46.613Z" hostname="chromium" tests="9" failures="1" skipped="0" time="11.065" errors="0">
<testcase name="Offline Mode › should detect online/offline status" classname="02-offline-sync.spec.ts" time="1.061">
</testcase>
<testcase name="Offline Mode › should handle network disconnection gracefully" classname="02-offline-sync.spec.ts" time="3.105">
</testcase>
<testcase name="Offline Mode › should queue events when offline" classname="02-offline-sync.spec.ts" time="1.031">
</testcase>
<testcase name="Offline Mode › should sync queued events on reconnection" classname="02-offline-sync.spec.ts" time="3.7">
</testcase>
<testcase name="Event Synchronization › should handle duplicate event submission (idempotency)" classname="02-offline-sync.spec.ts" time="0.034">
<failure message="02-offline-sync.spec.ts:81:3 should handle duplicate event submission (idempotency)" type="FAILURE">
<![CDATA[  [chromium] › 02-offline-sync.spec.ts:81:3 › Event Synchronization › should handle duplicate event submission (idempotency) 

    Error: expect(received).toBeTruthy()

    Received: false

      121 |     });
      122 |     
    > 123 |     expect(response1.ok()).toBeTruthy();
          |                            ^
      124 |     const data1 = await response1.json();
      125 |     expect(data1.accepted).toBeTruthy();
      126 |
        at E:\FREECLOUD\FREECLOUD-IA\PROYECTOS\park\e2e\02-offline-sync.spec.ts:123:28
]]>
</failure>
</testcase>
<testcase name="Event Synchronization › should reject events without authentication" classname="02-offline-sync.spec.ts" time="0.043">
</testcase>
<testcase name="Event Synchronization › should validate event schema" classname="02-offline-sync.spec.ts" time="0.015">
</testcase>
<testcase name="IndexedDB Storage › should have IndexedDB available" classname="02-offline-sync.spec.ts" time="0.666">
</testcase>
<testcase name="IndexedDB Storage › should persist data in IndexedDB" classname="02-offline-sync.spec.ts" time="1.41">
</testcase>
</testsuite>
<testsuite name="03-concurrency.spec.ts" timestamp="2026-02-03T15:51:46.613Z" hostname="chromium" tests="9" failures="8" skipped="0" time="0.719" errors="0">
<testcase name="Multi-Terminal Concurrency › should handle simultaneous orders from multiple waiters" classname="03-concurrency.spec.ts" time="0.043">
<failure message="03-concurrency.spec.ts:73:3 should handle simultaneous orders from multiple waiters" type="FAILURE">
<![CDATA[  [chromium] › 03-concurrency.spec.ts:73:3 › Multi-Terminal Concurrency › should handle simultaneous orders from multiple waiters 

    Error: expect(received).toBeTruthy()

    Received: false

      85 |     // All orders should be accepted
      86 |     for (const response of responses) {
    > 87 |       expect(response.ok()).toBeTruthy();
         |                             ^
      88 |       const data = await response.json();
      89 |       expect(data.accepted).toBeTruthy();
      90 |     }
        at E:\FREECLOUD\FREECLOUD-IA\PROYECTOS\park\e2e\03-concurrency.spec.ts:87:29
]]>
</failure>
</testcase>
<testcase name="Multi-Terminal Concurrency › should handle same product added from 2 terminals to same order" classname="03-concurrency.spec.ts" time="0.056">
<failure message="03-concurrency.spec.ts:93:3 should handle same product added from 2 terminals to same order" type="FAILURE">
<![CDATA[  [chromium] › 03-concurrency.spec.ts:93:3 › Multi-Terminal Concurrency › should handle same product added from 2 terminals to same order 

    Error: expect(received).toBeTruthy()

    Received: false

       98 |     
       99 |     const createResponse = await ingestEvent(request, orderEvent, TERMINALS.CAJA, 1);
    > 100 |     expect(createResponse.ok()).toBeTruthy();
          |                                 ^
      101 |
      102 |     // Two terminals add items to the same order simultaneously
      103 |     const productId = 'PROD_POLLO_ENTERO';
        at E:\FREECLOUD\FREECLOUD-IA\PROYECTOS\park\e2e\03-concurrency.spec.ts:100:33
]]>
</failure>
</testcase>
<testcase name="Multi-Terminal Concurrency › should handle order number collision prevention" classname="03-concurrency.spec.ts" time="0.063">
<failure message="03-concurrency.spec.ts:118:3 should handle order number collision prevention" type="FAILURE">
<![CDATA[  [chromium] › 03-concurrency.spec.ts:118:3 › Multi-Terminal Concurrency › should handle order number collision prevention 

    Error: expect(received).toBeTruthy()

    Received: false

      131 |
      132 |     // First should succeed, second may fail or be handled by conflict resolution
    > 133 |     expect(response1.ok()).toBeTruthy();
          |                            ^
      134 |     // Note: Current implementation may accept both - conflict resolution is P1
      135 |   });
      136 |
        at E:\FREECLOUD\FREECLOUD-IA\PROYECTOS\park\e2e\03-concurrency.spec.ts:133:28
]]>
</failure>
</testcase>
<testcase name="Multi-Terminal Concurrency › should handle rapid sequential events from same terminal" classname="03-concurrency.spec.ts" time="0.048">
<failure message="03-concurrency.spec.ts:137:3 should handle rapid sequential events from same terminal" type="FAILURE">
<![CDATA[  [chromium] › 03-concurrency.spec.ts:137:3 › Multi-Terminal Concurrency › should handle rapid sequential events from same terminal 

    Error: expect(received).toBeTruthy()

    Received: false

      143 |     const orderEvent = createOrderEvent(orderId, orderNumber, terminalId, 1);
      144 |     const orderResponse = await ingestEvent(request, orderEvent, terminalId, 1);
    > 145 |     expect(orderResponse.ok()).toBeTruthy();
          |                                ^
      146 |
      147 |     // Add items sequentially (each with unique sequence number)
      148 |     let successCount = 0;
        at E:\FREECLOUD\FREECLOUD-IA\PROYECTOS\park\e2e\03-concurrency.spec.ts:145:32
]]>
</failure>
</testcase>
<testcase name="Multi-Terminal Concurrency › should handle 15 waiters + 1 cashier simultaneous operations" classname="03-concurrency.spec.ts" time="0.247">
<failure message="03-concurrency.spec.ts:162:3 should handle 15 waiters + 1 cashier simultaneous operations" type="FAILURE">
<![CDATA[  [chromium] › 03-concurrency.spec.ts:162:3 › Multi-Terminal Concurrency › should handle 15 waiters + 1 cashier simultaneous operations 

    Error: expect(received).toBeGreaterThanOrEqual(expected)

    Expected: >= 11
    Received:    0

      186 |
      187 |     // At least 70% should succeed under load (rate limiting may affect some)
    > 188 |     expect(successCount).toBeGreaterThanOrEqual(Math.floor(terminals.length * 0.7));
          |                          ^
      189 |   });
      190 | });
      191 |
        at E:\FREECLOUD\FREECLOUD-IA\PROYECTOS\park\e2e\03-concurrency.spec.ts:188:26
]]>
</failure>
</testcase>
<testcase name="Shift Operations Concurrency › should handle shift operations gracefully" classname="03-concurrency.spec.ts" time="0.064">
</testcase>
<testcase name="Event Deduplication › should deduplicate identical events sent multiple times" classname="03-concurrency.spec.ts" time="0.039">
<failure message="03-concurrency.spec.ts:249:3 should deduplicate identical events sent multiple times" type="FAILURE">
<![CDATA[  [chromium] › 03-concurrency.spec.ts:249:3 › Event Deduplication › should deduplicate identical events sent multiple times 

    Error: expect(received).toBeTruthy()

    Received: false

      282 |     // All should succeed (idempotent)
      283 |     for (const response of responses) {
    > 284 |       expect(response.ok()).toBeTruthy();
          |                             ^
      285 |     }
      286 |   });
      287 |
        at E:\FREECLOUD\FREECLOUD-IA\PROYECTOS\park\e2e\03-concurrency.spec.ts:284:29
]]>
</failure>
</testcase>
<testcase name="Event Deduplication › should handle out-of-order event delivery" classname="03-concurrency.spec.ts" time="0.067">
<failure message="03-concurrency.spec.ts:288:3 should handle out-of-order event delivery" type="FAILURE">
<![CDATA[  [chromium] › 03-concurrency.spec.ts:288:3 › Event Deduplication › should handle out-of-order event delivery 

    Error: expect(received).toBeTruthy()

    Received: false

      300 |     // Then order
      301 |     const orderResponse = await ingestEvent(request, orderEvent, terminalId, 1);
    > 302 |     expect(orderResponse.ok()).toBeTruthy();
          |                                ^
      303 |
      304 |     // System should handle this gracefully (no 500 errors)
      305 |     expect(itemResponse.status()).toBeLessThan(500);
        at E:\FREECLOUD\FREECLOUD-IA\PROYECTOS\park\e2e\03-concurrency.spec.ts:302:32
]]>
</failure>
</testcase>
<testcase name="Rate Limiting › should handle burst of events gracefully" classname="03-concurrency.spec.ts" time="0.092">
<failure message="03-concurrency.spec.ts:311:3 should handle burst of events gracefully" type="FAILURE">
<![CDATA[  [chromium] › 03-concurrency.spec.ts:311:3 › Rate Limiting › should handle burst of events gracefully 

    Error: expect(received).toBeGreaterThan(expected)

    Expected: > 0
    Received:   0

      327 |     // At least some should succeed
      328 |     const okCount = responses.filter(r => r.ok()).length;
    > 329 |     expect(okCount).toBeGreaterThan(0);
          |                     ^
      330 |   });
      331 | });
      332 |
        at E:\FREECLOUD\FREECLOUD-IA\PROYECTOS\park\e2e\03-concurrency.spec.ts:329:21
]]>
</failure>
</testcase>
</testsuite>
<testsuite name="04-admin-employees-crud.spec.ts" timestamp="2026-02-03T15:51:46.613Z" hostname="chromium" tests="14" failures="0" skipped="0" time="25.878" errors="0">
<testcase name="Admin Panel - Employee CRUD › Page Loading › should load admin panel" classname="04-admin-employees-crud.spec.ts" time="1.294">
</testcase>
<testcase name="Admin Panel - Employee CRUD › Page Loading › should display employees section" classname="04-admin-employees-crud.spec.ts" time="2">
</testcase>
<testcase name="Admin Panel - Employee CRUD › Page Loading › should display employees list" classname="04-admin-employees-crud.spec.ts" time="2.097">
</testcase>
<testcase name="Admin Panel - Employee CRUD › Page Loading › should have create employee button" classname="04-admin-employees-crud.spec.ts" time="2.115">
</testcase>
<testcase name="Admin Panel - Employee CRUD › Create Employee › should create a new employee via API" classname="04-admin-employees-crud.spec.ts" time="5.443">
</testcase>
<testcase name="Admin Panel - Employee CRUD › Create Employee › should validate required fields when creating employee" classname="04-admin-employees-crud.spec.ts" time="3.258">
</testcase>
<testcase name="Admin Panel - Employee CRUD › Create Employee › should validate PIN format" classname="04-admin-employees-crud.spec.ts" time="2.705">
</testcase>
<testcase name="Admin Panel - Employee CRUD › Update Employee › should update employee information" classname="04-admin-employees-crud.spec.ts" time="0.209">
</testcase>
<testcase name="Admin Panel - Employee CRUD › Delete Employee › should deactivate employee (soft delete)" classname="04-admin-employees-crud.spec.ts" time="0.213">
</testcase>
<testcase name="Admin Panel - Employee CRUD › Error Handling › should handle API errors gracefully" classname="04-admin-employees-crud.spec.ts" time="1.2">
</testcase>
<testcase name="Admin Panel - Employee CRUD › State Management › should maintain state after page refresh" classname="04-admin-employees-crud.spec.ts" time="1.892">
</testcase>
<testcase name="Admin Panel - Employee CRUD › Filtering &amp; Pagination › should display employee role correctly" classname="04-admin-employees-crud.spec.ts" time="1.139">
</testcase>
<testcase name="Admin Panel - Employee CRUD › Filtering &amp; Pagination › should filter employees by role" classname="04-admin-employees-crud.spec.ts" time="1.138">
</testcase>
<testcase name="Admin Panel - Employee CRUD › Filtering &amp; Pagination › should paginate employee list" classname="04-admin-employees-crud.spec.ts" time="1.175">
</testcase>
</testsuite>
<testsuite name="05-admin-products-crud.spec.ts" timestamp="2026-02-03T15:51:46.613Z" hostname="chromium" tests="16" failures="0" skipped="0" time="45.766" errors="0">
<testcase name="Admin Panel - Product CRUD › Page Loading › should load admin panel products page" classname="05-admin-products-crud.spec.ts" time="1.148">
</testcase>
<testcase name="Admin Panel - Product CRUD › Page Loading › should display products list" classname="05-admin-products-crud.spec.ts" time="1.137">
</testcase>
<testcase name="Admin Panel - Product CRUD › Page Loading › should have create product button" classname="05-admin-products-crud.spec.ts" time="1.144">
</testcase>
<testcase name="Admin Panel - Product CRUD › Create Product › should create a new product via API" classname="05-admin-products-crud.spec.ts" time="4.795">
</testcase>
<testcase name="Admin Panel - Product CRUD › Create Product › should validate SKU uniqueness" classname="05-admin-products-crud.spec.ts" time="3.239">
</testcase>
<testcase name="Admin Panel - Product CRUD › Create Product › should validate required fields" classname="05-admin-products-crud.spec.ts" time="2.754">
</testcase>
<testcase name="Admin Panel - Product CRUD › Create Product › should validate category and station enums" classname="05-admin-products-crud.spec.ts" time="2.716">
</testcase>
<testcase name="Admin Panel - Product CRUD › Money Safety › should store price as integer centavos" classname="05-admin-products-crud.spec.ts" time="4.623">
</testcase>
<testcase name="Admin Panel - Product CRUD › Update Product › should update product information" classname="05-admin-products-crud.spec.ts" time="5.893">
</testcase>
<testcase name="Admin Panel - Product CRUD › Update Product › should increment catalog version on update" classname="05-admin-products-crud.spec.ts" time="5.886">
</testcase>
<testcase name="Admin Panel - Product CRUD › Delete Product › should deactivate product (soft delete)" classname="05-admin-products-crud.spec.ts" time="5.794">
</testcase>
<testcase name="Admin Panel - Product CRUD › Error Handling › should handle API errors gracefully" classname="05-admin-products-crud.spec.ts" time="1.205">
</testcase>
<testcase name="Admin Panel - Product CRUD › State Management › should maintain state after page refresh" classname="05-admin-products-crud.spec.ts" time="1.933">
</testcase>
<testcase name="Admin Panel - Product CRUD › Filtering &amp; Pagination › should display product categories" classname="05-admin-products-crud.spec.ts" time="1.169">
</testcase>
<testcase name="Admin Panel - Product CRUD › Filtering &amp; Pagination › should filter products by category" classname="05-admin-products-crud.spec.ts" time="1.171">
</testcase>
<testcase name="Admin Panel - Product CRUD › Filtering &amp; Pagination › should paginate product list" classname="05-admin-products-crud.spec.ts" time="1.159">
</testcase>
</testsuite>
<testsuite name="06-admin-drivers-crud.spec.ts" timestamp="2026-02-03T15:51:46.613Z" hostname="chromium" tests="14" failures="0" skipped="0" time="30.316" errors="0">
<testcase name="Admin Panel - Driver CRUD › Page Loading › should load admin panel drivers page" classname="06-admin-drivers-crud.spec.ts" time="1.24">
</testcase>
<testcase name="Admin Panel - Driver CRUD › Page Loading › should display drivers list" classname="06-admin-drivers-crud.spec.ts" time="1.205">
</testcase>
<testcase name="Admin Panel - Driver CRUD › Page Loading › should have create driver button" classname="06-admin-drivers-crud.spec.ts" time="1.239">
</testcase>
<testcase name="Admin Panel - Driver CRUD › Create Driver › should create a new driver via API" classname="06-admin-drivers-crud.spec.ts" time="3.746">
</testcase>
<testcase name="Admin Panel - Driver CRUD › Create Driver › should validate required fields when creating driver" classname="06-admin-drivers-crud.spec.ts" time="2.656">
</testcase>
<testcase name="Admin Panel - Driver CRUD › Update Driver › should update driver information" classname="06-admin-drivers-crud.spec.ts" time="4.66">
</testcase>
<testcase name="Admin Panel - Driver CRUD › Delete Driver › should deactivate driver (soft delete)" classname="06-admin-drivers-crud.spec.ts" time="5.821">
</testcase>
<testcase name="Admin Panel - Driver CRUD › Error Handling › should handle API errors gracefully" classname="06-admin-drivers-crud.spec.ts" time="1.312">
</testcase>
<testcase name="Admin Panel - Driver CRUD › State Management › should maintain state after page refresh" classname="06-admin-drivers-crud.spec.ts" time="2.156">
</testcase>
<testcase name="Admin Panel - Driver CRUD › Filtering &amp; Pagination › should list active drivers only" classname="06-admin-drivers-crud.spec.ts" time="1.343">
</testcase>
<testcase name="Admin Panel - Driver CRUD › Filtering &amp; Pagination › should display driver status" classname="06-admin-drivers-crud.spec.ts" time="1.207">
</testcase>
<testcase name="Admin Panel - Driver CRUD › Filtering &amp; Pagination › should paginate driver list" classname="06-admin-drivers-crud.spec.ts" time="1.267">
</testcase>
<testcase name="Admin Panel - Driver CRUD › Filtering &amp; Pagination › should search drivers by name" classname="06-admin-drivers-crud.spec.ts" time="1.243">
</testcase>
<testcase name="Admin Panel - Driver CRUD › Filtering &amp; Pagination › should display driver phone number" classname="06-admin-drivers-crud.spec.ts" time="1.221">
</testcase>
</testsuite>
<testsuite name="07-admin-promotions-crud.spec.ts" timestamp="2026-02-03T15:51:46.613Z" hostname="chromium" tests="16" failures="0" skipped="0" time="36.853" errors="0">
<testcase name="Admin Panel - Promotion CRUD › Page Loading › should load admin panel promotions page" classname="07-admin-promotions-crud.spec.ts" time="1.196">
</testcase>
<testcase name="Admin Panel - Promotion CRUD › Page Loading › should display promotions list" classname="07-admin-promotions-crud.spec.ts" time="1.218">
</testcase>
<testcase name="Admin Panel - Promotion CRUD › Page Loading › should have create promotion button" classname="07-admin-promotions-crud.spec.ts" time="1.372">
</testcase>
<testcase name="Admin Panel - Promotion CRUD › Create Promotion › should create a new promotion via API" classname="07-admin-promotions-crud.spec.ts" time="4.064">
</testcase>
<testcase name="Admin Panel - Promotion CRUD › Create Promotion › should validate required fields" classname="07-admin-promotions-crud.spec.ts" time="2.66">
</testcase>
<testcase name="Admin Panel - Promotion CRUD › Create Promotion › should validate promotion type" classname="07-admin-promotions-crud.spec.ts" time="2.741">
</testcase>
<testcase name="Admin Panel - Promotion CRUD › Date Validation › should validate date range" classname="07-admin-promotions-crud.spec.ts" time="2.757">
</testcase>
<testcase name="Admin Panel - Promotion CRUD › Update Promotion › should update promotion information" classname="07-admin-promotions-crud.spec.ts" time="5.351">
</testcase>
<testcase name="Admin Panel - Promotion CRUD › Delete Promotion › should deactivate promotion (soft delete)" classname="07-admin-promotions-crud.spec.ts" time="6.06">
</testcase>
<testcase name="Admin Panel - Promotion CRUD › Error Handling › should handle API errors gracefully" classname="07-admin-promotions-crud.spec.ts" time="1.236">
</testcase>
<testcase name="Admin Panel - Promotion CRUD › State Management › should maintain state after page refresh" classname="07-admin-promotions-crud.spec.ts" time="2.005">
</testcase>
<testcase name="Admin Panel - Promotion CRUD › Filtering &amp; Pagination › should display promotion types correctly" classname="07-admin-promotions-crud.spec.ts" time="1.257">
</testcase>
<testcase name="Admin Panel - Promotion CRUD › Filtering &amp; Pagination › should filter promotions by status" classname="07-admin-promotions-crud.spec.ts" time="1.294">
</testcase>
<testcase name="Admin Panel - Promotion CRUD › Filtering &amp; Pagination › should paginate promotion list" classname="07-admin-promotions-crud.spec.ts" time="1.208">
</testcase>
<testcase name="Admin Panel - Promotion CRUD › Filtering &amp; Pagination › should display promotion discount value" classname="07-admin-promotions-crud.spec.ts" time="1.253">
</testcase>
<testcase name="Admin Panel - Promotion CRUD › Filtering &amp; Pagination › should display promotion date range" classname="07-admin-promotions-crud.spec.ts" time="1.181">
</testcase>
</testsuite>
<testsuite name="08-admin-permission-denied.spec.ts" timestamp="2026-02-03T15:51:46.613Z" hostname="chromium" tests="13" failures="0" skipped="0" time="18.726" errors="0">
<testcase name="Admin Panel - Permission Denied › Non-Admin API Access Denied › should deny API access to create employee for non-admin users" classname="08-admin-permission-denied.spec.ts" time="0.235">
</testcase>
<testcase name="Admin Panel - Permission Denied › Non-Admin API Access Denied › should deny API access to create product for non-admin users" classname="08-admin-permission-denied.spec.ts" time="0.273">
</testcase>
<testcase name="Admin Panel - Permission Denied › Non-Admin API Access Denied › should deny API access to create promotion for non-admin users" classname="08-admin-permission-denied.spec.ts" time="0.234">
</testcase>
<testcase name="Admin Panel - Permission Denied › Non-Admin API Access Denied › should deny API access to create driver for non-admin users" classname="08-admin-permission-denied.spec.ts" time="0.22">
</testcase>
<testcase name="Admin Panel - Permission Denied › Non-Admin API Access Denied › should deny API access to update configuration for non-admin users" classname="08-admin-permission-denied.spec.ts" time="0.232">
</testcase>
<testcase name="Admin Panel - Permission Denied › Non-Admin API Access Denied › should deny API access to delete employee for non-admin users" classname="08-admin-permission-denied.spec.ts" time="0.29">
</testcase>
<testcase name="Admin Panel - Permission Denied › Non-Admin API Access Denied › should deny API access to delete product for non-admin users" classname="08-admin-permission-denied.spec.ts" time="0.265">
</testcase>
<testcase name="Admin Panel - Permission Denied › Non-Admin API Access Denied › should deny API access to delete promotion for non-admin users" classname="08-admin-permission-denied.spec.ts" time="0.246">
</testcase>
<testcase name="Admin Panel - Permission Denied › Non-Admin API Access Denied › should deny API access to delete driver for non-admin users" classname="08-admin-permission-denied.spec.ts" time="0.253">
</testcase>
<testcase name="Admin Panel - Permission Denied › Admin API Access Allowed › should allow admin API access to create employee" classname="08-admin-permission-denied.spec.ts" time="4.527">
</testcase>
<testcase name="Admin Panel - Permission Denied › Admin API Access Allowed › should allow admin API access to create product" classname="08-admin-permission-denied.spec.ts" time="4.525">
</testcase>
<testcase name="Admin Panel - Permission Denied › Admin API Access Allowed › should allow admin API access to create promotion" classname="08-admin-permission-denied.spec.ts" time="3.93">
</testcase>
<testcase name="Admin Panel - Permission Denied › Admin API Access Allowed › should allow admin API access to create driver" classname="08-admin-permission-denied.spec.ts" time="3.496">
</testcase>
</testsuite>
<testsuite name="09-admin-promotions-network-throttling.spec.ts" timestamp="2026-02-03T15:51:46.613Z" hostname="chromium" tests="1" failures="1" skipped="0" time="37.668" errors="0">
<testcase name="Admin Panel - Promotions with Network Throttling › should handle timeout with slow network" classname="09-admin-promotions-network-throttling.spec.ts" time="37.668">
<failure message="09-admin-promotions-network-throttling.spec.ts:24:3 should handle timeout with slow network" type="FAILURE">
<![CDATA[  [chromium] › 09-admin-promotions-network-throttling.spec.ts:24:3 › Admin Panel - Promotions with Network Throttling › should handle timeout with slow network 

    Test timeout of 30000ms exceeded.

    Error: page.goto: Test timeout of 30000ms exceeded.
    Call log:
      - navigating to "http://localhost:3000/admin/promociones/nuevo", waiting until "load"


      56 |
      57 |       // Navigate to create promotion page
    > 58 |       await page.goto(`${BASE_URL}/admin/promociones/nuevo`);
         |                  ^
      59 |
      60 |       const uniquePromotion = {
      61 |         name: `Timeout Promotion ${Date.now()}`,
        at E:\FREECLOUD\FREECLOUD-IA\PROYECTOS\park\e2e\09-admin-promotions-network-throttling.spec.ts:58:18

    attachment #1: video (video/webm) ──────────────────────────────────────────────────────────────
    ..\test-results\09-admin-promotions-networ-56352-e-timeout-with-slow-network-chromium\video.webm
    ────────────────────────────────────────────────────────────────────────────────────────────────

    Error Context: ..\test-results\09-admin-promotions-networ-56352-e-timeout-with-slow-network-chromium\error-context.md
]]>
</failure>
<system-out>
<![CDATA[
[[ATTACHMENT|09-admin-promotions-networ-56352-e-timeout-with-slow-network-chromium\video.webm]]

[[ATTACHMENT|09-admin-promotions-networ-56352-e-timeout-with-slow-network-chromium\error-context.md]]
]]>
</system-out>
</testcase>
</testsuite>
<testsuite name="admin-auditoria.spec.ts" timestamp="2026-02-03T15:51:46.613Z" hostname="chromium" tests="13" failures="11" skipped="0" time="230.322" errors="0">
<testcase name="Admin Audit Page › should display page title and description" classname="admin-auditoria.spec.ts" time="6.878">
<failure message="admin-auditoria.spec.ts:24:3 should display page title and description" type="FAILURE">
<![CDATA[  [chromium] › admin-auditoria.spec.ts:24:3 › Admin Audit Page › should display page title and description 

    Error: expect(locator).toBeVisible() failed

    Locator: getByText('Auditoría de Autenticación')
    Expected: visible
    Timeout: 5000ms
    Error: element(s) not found

    Call log:
      - Expect "toBeVisible" with timeout 5000ms
      - waiting for getByText('Auditoría de Autenticación')


      23 |
      24 |   test('should display page title and description', async ({ page }) => {
    > 25 |     await expect(page.getByText('Auditoría de Autenticación')).toBeVisible();
         |                                                                ^
      26 |     await expect(page.getByText('Registro completo de eventos de seguridad')).toBeVisible();
      27 |   });
      28 |
        at E:\FREECLOUD\FREECLOUD-IA\PROYECTOS\park\e2e\admin-auditoria.spec.ts:25:64

    attachment #1: screenshot (image/png) ──────────────────────────────────────────────────────────
    ..\test-results\admin-auditoria-Admin-Audi-21be1--page-title-and-description-chromium\test-failed-1.png
    ────────────────────────────────────────────────────────────────────────────────────────────────

    attachment #2: video (video/webm) ──────────────────────────────────────────────────────────────
    ..\test-results\admin-auditoria-Admin-Audi-21be1--page-title-and-description-chromium\video.webm
    ────────────────────────────────────────────────────────────────────────────────────────────────

    Error Context: ..\test-results\admin-auditoria-Admin-Audi-21be1--page-title-and-description-chromium\error-context.md
]]>
</failure>
<system-err>
<![CDATA[
Warning: attachment admin-auditoria-Admin-Audi-21be1--page-title-and-description-chromium\test-failed-1.png is missing
Warning: attachment admin-auditoria-Admin-Audi-21be1--page-title-and-description-chromium\video.webm is missing
Warning: attachment admin-auditoria-Admin-Audi-21be1--page-title-and-description-chromium\error-context.md is missing]]>
</system-err>
</testcase>
<testcase name="Admin Audit Page › should display summary statistics cards" classname="admin-auditoria.spec.ts" time="6.989">
<failure message="admin-auditoria.spec.ts:29:3 should display summary statistics cards" type="FAILURE">
<![CDATA[  [chromium] › admin-auditoria.spec.ts:29:3 › Admin Audit Page › should display summary statistics cards 

    Error: expect(locator).toBeVisible() failed

    Locator: getByText('Total Eventos')
    Expected: visible
    Timeout: 5000ms
    Error: element(s) not found

    Call log:
      - Expect "toBeVisible" with timeout 5000ms
      - waiting for getByText('Total Eventos')


      28 |
      29 |   test('should display summary statistics cards', async ({ page }) => {
    > 30 |     await expect(page.getByText('Total Eventos')).toBeVisible();
         |                                                   ^
      31 |     await expect(page.getByText('Login Exitoso')).toBeVisible();
      32 |     await expect(page.getByText('Login Fallido')).toBeVisible();
      33 |     await expect(page.getByText('Alertas')).toBeVisible();
        at E:\FREECLOUD\FREECLOUD-IA\PROYECTOS\park\e2e\admin-auditoria.spec.ts:30:51

    attachment #1: screenshot (image/png) ──────────────────────────────────────────────────────────
    ..\test-results\admin-auditoria-Admin-Audi-e08a9-ay-summary-statistics-cards-chromium\test-failed-1.png
    ────────────────────────────────────────────────────────────────────────────────────────────────

    attachment #2: video (video/webm) ──────────────────────────────────────────────────────────────
    ..\test-results\admin-auditoria-Admin-Audi-e08a9-ay-summary-statistics-cards-chromium\video.webm
    ────────────────────────────────────────────────────────────────────────────────────────────────

    Error Context: ..\test-results\admin-auditoria-Admin-Audi-e08a9-ay-summary-statistics-cards-chromium\error-context.md
]]>
</failure>
<system-err>
<![CDATA[
Warning: attachment admin-auditoria-Admin-Audi-e08a9-ay-summary-statistics-cards-chromium\test-failed-1.png is missing
Warning: attachment admin-auditoria-Admin-Audi-e08a9-ay-summary-statistics-cards-chromium\video.webm is missing
Warning: attachment admin-auditoria-Admin-Audi-e08a9-ay-summary-statistics-cards-chromium\error-context.md is missing]]>
</system-err>
</testcase>
<testcase name="Admin Audit Page › should display filter controls" classname="admin-auditoria.spec.ts" time="6.677">
<failure message="admin-auditoria.spec.ts:36:3 should display filter controls" type="FAILURE">
<![CDATA[  [chromium] › admin-auditoria.spec.ts:36:3 › Admin Audit Page › should display filter controls ────

    Error: expect(locator).toBeVisible() failed

    Locator: getByLabel('Fecha Inicio')
    Expected: visible
    Timeout: 5000ms
    Error: element(s) not found

    Call log:
      - Expect "toBeVisible" with timeout 5000ms
      - waiting for getByLabel('Fecha Inicio')


      36 |   test('should display filter controls', async ({ page }) => {
      37 |     // Check all filter inputs exist
    > 38 |     await expect(page.getByLabel('Fecha Inicio')).toBeVisible();
         |                                                   ^
      39 |     await expect(page.getByLabel('Fecha Fin')).toBeVisible();
      40 |     await expect(page.getByLabel('Terminal')).toBeVisible();
      41 |     await expect(page.getByLabel('Empleado')).toBeVisible();
        at E:\FREECLOUD\FREECLOUD-IA\PROYECTOS\park\e2e\admin-auditoria.spec.ts:38:51

    attachment #1: screenshot (image/png) ──────────────────────────────────────────────────────────
    ..\test-results\admin-auditoria-Admin-Audi-74c0d-uld-display-filter-controls-chromium\test-failed-1.png
    ────────────────────────────────────────────────────────────────────────────────────────────────

    attachment #2: video (video/webm) ──────────────────────────────────────────────────────────────
    ..\test-results\admin-auditoria-Admin-Audi-74c0d-uld-display-filter-controls-chromium\video.webm
    ────────────────────────────────────────────────────────────────────────────────────────────────

    Error Context: ..\test-results\admin-auditoria-Admin-Audi-74c0d-uld-display-filter-controls-chromium\error-context.md
]]>
</failure>
<system-err>
<![CDATA[
Warning: attachment admin-auditoria-Admin-Audi-74c0d-uld-display-filter-controls-chromium\test-failed-1.png is missing
Warning: attachment admin-auditoria-Admin-Audi-74c0d-uld-display-filter-controls-chromium\video.webm is missing
Warning: attachment admin-auditoria-Admin-Audi-74c0d-uld-display-filter-controls-chromium\error-context.md is missing]]>
</system-err>
</testcase>
<testcase name="Admin Audit Page › should display events table" classname="admin-auditoria.spec.ts" time="6.921">
<failure message="admin-auditoria.spec.ts:45:3 should display events table" type="FAILURE">
<![CDATA[  [chromium] › admin-auditoria.spec.ts:45:3 › Admin Audit Page › should display events table ───────

    Error: expect(locator).toBeVisible() failed

    Locator: getByText('Fecha/Hora')
    Expected: visible
    Timeout: 5000ms
    Error: element(s) not found

    Call log:
      - Expect "toBeVisible" with timeout 5000ms
      - waiting for getByText('Fecha/Hora')


      45 |   test('should display events table', async ({ page }) => {
      46 |     // Check table headers
    > 47 |     await expect(page.getByText('Fecha/Hora')).toBeVisible();
         |                                                ^
      48 |     await expect(page.getByText('Evento')).toBeVisible();
      49 |     await expect(page.getByText('Terminal')).toBeVisible();
      50 |     await expect(page.getByText('Empleado')).toBeVisible();
        at E:\FREECLOUD\FREECLOUD-IA\PROYECTOS\park\e2e\admin-auditoria.spec.ts:47:48

    attachment #1: screenshot (image/png) ──────────────────────────────────────────────────────────
    ..\test-results\admin-auditoria-Admin-Audit-Page-should-display-events-table-chromium\test-failed-1.png
    ────────────────────────────────────────────────────────────────────────────────────────────────

    attachment #2: video (video/webm) ──────────────────────────────────────────────────────────────
    ..\test-results\admin-auditoria-Admin-Audit-Page-should-display-events-table-chromium\video.webm
    ────────────────────────────────────────────────────────────────────────────────────────────────

    Error Context: ..\test-results\admin-auditoria-Admin-Audit-Page-should-display-events-table-chromium\error-context.md
]]>
</failure>
<system-err>
<![CDATA[
Warning: attachment admin-auditoria-Admin-Audit-Page-should-display-events-table-chromium\test-failed-1.png is missing
Warning: attachment admin-auditoria-Admin-Audit-Page-should-display-events-table-chromium\video.webm is missing
Warning: attachment admin-auditoria-Admin-Audit-Page-should-display-events-table-chromium\error-context.md is missing]]>
</system-err>
</testcase>
<testcase name="Admin Audit Page › should filter by terminal" classname="admin-auditoria.spec.ts" time="31.813">
<failure message="admin-auditoria.spec.ts:56:3 should filter by terminal" type="FAILURE">
<![CDATA[  [chromium] › admin-auditoria.spec.ts:56:3 › Admin Audit Page › should filter by terminal ─────────

    Test timeout of 30000ms exceeded.

    Error: locator.selectOption: Test timeout of 30000ms exceeded.
    Call log:
      - waiting for getByLabel('Terminal')


      60 |     // Select a terminal from dropdown
      61 |     const terminalSelect = page.getByLabel('Terminal');
    > 62 |     await terminalSelect.selectOption({ index: 1 }); // Select first non-empty option
         |                          ^
      63 |     
      64 |     // Wait for filter to apply
      65 |     await page.waitForTimeout(500);
        at E:\FREECLOUD\FREECLOUD-IA\PROYECTOS\park\e2e\admin-auditoria.spec.ts:62:26

    attachment #1: screenshot (image/png) ──────────────────────────────────────────────────────────
    ..\test-results\admin-auditoria-Admin-Audit-Page-should-filter-by-terminal-chromium\test-failed-1.png
    ────────────────────────────────────────────────────────────────────────────────────────────────

    attachment #2: video (video/webm) ──────────────────────────────────────────────────────────────
    ..\test-results\admin-auditoria-Admin-Audit-Page-should-filter-by-terminal-chromium\video.webm
    ────────────────────────────────────────────────────────────────────────────────────────────────

    Error Context: ..\test-results\admin-auditoria-Admin-Audit-Page-should-filter-by-terminal-chromium\error-context.md
]]>
</failure>
<system-err>
<![CDATA[
Warning: attachment admin-auditoria-Admin-Audit-Page-should-filter-by-terminal-chromium\test-failed-1.png is missing
Warning: attachment admin-auditoria-Admin-Audit-Page-should-filter-by-terminal-chromium\video.webm is missing
Warning: attachment admin-auditoria-Admin-Audit-Page-should-filter-by-terminal-chromium\error-context.md is missing]]>
</system-err>
</testcase>
<testcase name="Admin Audit Page › should filter by event type" classname="admin-auditoria.spec.ts" time="31.878">
<failure message="admin-auditoria.spec.ts:71:3 should filter by event type" type="FAILURE">
<![CDATA[  [chromium] › admin-auditoria.spec.ts:71:3 › Admin Audit Page › should filter by event type ───────

    Test timeout of 30000ms exceeded.

    Error: locator.selectOption: Test timeout of 30000ms exceeded.
    Call log:
      - waiting for getByLabel('Tipo de Evento')


      75 |     // Select an event type
      76 |     const eventTypeSelect = page.getByLabel('Tipo de Evento');
    > 77 |     await eventTypeSelect.selectOption('login_success');
         |                           ^
      78 |     
      79 |     // Wait for filter to apply
      80 |     await page.waitForTimeout(500);
        at E:\FREECLOUD\FREECLOUD-IA\PROYECTOS\park\e2e\admin-auditoria.spec.ts:77:27

    attachment #1: screenshot (image/png) ──────────────────────────────────────────────────────────
    ..\test-results\admin-auditoria-Admin-Audit-Page-should-filter-by-event-type-chromium\test-failed-1.png
    ────────────────────────────────────────────────────────────────────────────────────────────────

    attachment #2: video (video/webm) ──────────────────────────────────────────────────────────────
    ..\test-results\admin-auditoria-Admin-Audit-Page-should-filter-by-event-type-chromium\video.webm
    ────────────────────────────────────────────────────────────────────────────────────────────────

    Error Context: ..\test-results\admin-auditoria-Admin-Audit-Page-should-filter-by-event-type-chromium\error-context.md
]]>
</failure>
<system-err>
<![CDATA[
Warning: attachment admin-auditoria-Admin-Audit-Page-should-filter-by-event-type-chromium\test-failed-1.png is missing
Warning: attachment admin-auditoria-Admin-Audit-Page-should-filter-by-event-type-chromium\video.webm is missing
Warning: attachment admin-auditoria-Admin-Audit-Page-should-filter-by-event-type-chromium\error-context.md is missing]]>
</system-err>
</testcase>
<testcase name="Admin Audit Page › should clear filters" classname="admin-auditoria.spec.ts" time="31.883">
<failure message="admin-auditoria.spec.ts:87:3 should clear filters" type="FAILURE">
<![CDATA[  [chromium] › admin-auditoria.spec.ts:87:3 › Admin Audit Page › should clear filters ──────────────

    Test timeout of 30000ms exceeded.

    Error: locator.selectOption: Test timeout of 30000ms exceeded.
    Call log:
      - waiting for getByLabel('Terminal')


      91 |     // Apply a filter
      92 |     const terminalSelect = page.getByLabel('Terminal');
    > 93 |     await terminalSelect.selectOption({ index: 1 });
         |                          ^
      94 |     
      95 |     // Wait for filter to apply
      96 |     await page.waitForTimeout(500);
        at E:\FREECLOUD\FREECLOUD-IA\PROYECTOS\park\e2e\admin-auditoria.spec.ts:93:26

    attachment #1: screenshot (image/png) ──────────────────────────────────────────────────────────
    ..\test-results\admin-auditoria-Admin-Audit-Page-should-clear-filters-chromium\test-failed-1.png
    ────────────────────────────────────────────────────────────────────────────────────────────────

    attachment #2: video (video/webm) ──────────────────────────────────────────────────────────────
    ..\test-results\admin-auditoria-Admin-Audit-Page-should-clear-filters-chromium\video.webm
    ────────────────────────────────────────────────────────────────────────────────────────────────

    Error Context: ..\test-results\admin-auditoria-Admin-Audit-Page-should-clear-filters-chromium\error-context.md
]]>
</failure>
<system-err>
<![CDATA[
Warning: attachment admin-auditoria-Admin-Audit-Page-should-clear-filters-chromium\test-failed-1.png is missing
Warning: attachment admin-auditoria-Admin-Audit-Page-should-clear-filters-chromium\video.webm is missing
Warning: attachment admin-auditoria-Admin-Audit-Page-should-clear-filters-chromium\error-context.md is missing]]>
</system-err>
</testcase>
<testcase name="Admin Audit Page › should refresh events when refresh button is clicked" classname="admin-auditoria.spec.ts" time="31.992">
<failure message="admin-auditoria.spec.ts:106:3 should refresh events when refresh button is clicked" type="FAILURE">
<![CDATA[  [chromium] › admin-auditoria.spec.ts:106:3 › Admin Audit Page › should refresh events when refresh button is clicked 

    Test timeout of 30000ms exceeded.

    Error: locator.click: Test timeout of 30000ms exceeded.
    Call log:
      - waiting for getByTitle('Actualizar')


      110 |     // Click refresh button
      111 |     const refreshButton = page.getByTitle('Actualizar');
    > 112 |     await refreshButton.click();
          |                         ^
      113 |     
      114 |     // Wait for refresh to complete
      115 |     await page.waitForTimeout(500);
        at E:\FREECLOUD\FREECLOUD-IA\PROYECTOS\park\e2e\admin-auditoria.spec.ts:112:25

    attachment #1: screenshot (image/png) ──────────────────────────────────────────────────────────
    ..\test-results\admin-auditoria-Admin-Audi-c5334-n-refresh-button-is-clicked-chromium\test-failed-1.png
    ────────────────────────────────────────────────────────────────────────────────────────────────

    attachment #2: video (video/webm) ──────────────────────────────────────────────────────────────
    ..\test-results\admin-auditoria-Admin-Audi-c5334-n-refresh-button-is-clicked-chromium\video.webm
    ────────────────────────────────────────────────────────────────────────────────────────────────

    Error Context: ..\test-results\admin-auditoria-Admin-Audi-c5334-n-refresh-button-is-clicked-chromium\error-context.md
]]>
</failure>
<system-err>
<![CDATA[
Warning: attachment admin-auditoria-Admin-Audi-c5334-n-refresh-button-is-clicked-chromium\test-failed-1.png is missing
Warning: attachment admin-auditoria-Admin-Audi-c5334-n-refresh-button-is-clicked-chromium\video.webm is missing
Warning: attachment admin-auditoria-Admin-Audi-c5334-n-refresh-button-is-clicked-chromium\error-context.md is missing]]>
</system-err>
</testcase>
<testcase name="Admin Audit Page › should display event details correctly" classname="admin-auditoria.spec.ts" time="2.316">
</testcase>
<testcase name="Admin Audit Page › should validate requirement 6.4 - support all required filters" classname="admin-auditoria.spec.ts" time="6.495">
<failure message="admin-auditoria.spec.ts:141:3 should validate requirement 6.4 - support all required filters" type="FAILURE">
<![CDATA[  [chromium] › admin-auditoria.spec.ts:141:3 › Admin Audit Page › should validate requirement 6.4 - support all required filters 

    Error: expect(locator).toBeVisible() failed

    Locator: getByLabel('Fecha Inicio')
    Expected: visible
    Timeout: 5000ms
    Error: element(s) not found

    Call log:
      - Expect "toBeVisible" with timeout 5000ms
      - waiting for getByLabel('Fecha Inicio')


      145 |     const startDateInput = page.getByLabel('Fecha Inicio');
      146 |     const endDateInput = page.getByLabel('Fecha Fin');
    > 147 |     await expect(startDateInput).toBeVisible();
          |                                  ^
      148 |     await expect(endDateInput).toBeVisible();
      149 |     await expect(startDateInput).toBeEnabled();
      150 |     await expect(endDateInput).toBeEnabled();
        at E:\FREECLOUD\FREECLOUD-IA\PROYECTOS\park\e2e\admin-auditoria.spec.ts:147:34

    attachment #1: screenshot (image/png) ──────────────────────────────────────────────────────────
    ..\test-results\admin-auditoria-Admin-Audi-10a9f-upport-all-required-filters-chromium\test-failed-1.png
    ────────────────────────────────────────────────────────────────────────────────────────────────

    attachment #2: video (video/webm) ──────────────────────────────────────────────────────────────
    ..\test-results\admin-auditoria-Admin-Audi-10a9f-upport-all-required-filters-chromium\video.webm
    ────────────────────────────────────────────────────────────────────────────────────────────────

    Error Context: ..\test-results\admin-auditoria-Admin-Audi-10a9f-upport-all-required-filters-chromium\error-context.md
]]>
</failure>
<system-err>
<![CDATA[
Warning: attachment admin-auditoria-Admin-Audi-10a9f-upport-all-required-filters-chromium\test-failed-1.png is missing
Warning: attachment admin-auditoria-Admin-Audi-10a9f-upport-all-required-filters-chromium\video.webm is missing
Warning: attachment admin-auditoria-Admin-Audi-10a9f-upport-all-required-filters-chromium\error-context.md is missing]]>
</system-err>
</testcase>
<testcase name="Admin Audit Page › should display risk score badges with appropriate colors" classname="admin-auditoria.spec.ts" time="2.266">
</testcase>
<testcase name="Admin Audit Page › should handle empty state gracefully" classname="admin-auditoria.spec.ts" time="32.423">
<failure message="admin-auditoria.spec.ts:188:3 should handle empty state gracefully" type="FAILURE">
<![CDATA[  [chromium] › admin-auditoria.spec.ts:188:3 › Admin Audit Page › should handle empty state gracefully 

    Test timeout of 30000ms exceeded.

    Error: locator.selectOption: Test timeout of 30000ms exceeded.
    Call log:
      - waiting for getByLabel('Tipo de Evento')


      189 |     // Apply filters that return no results
      190 |     const eventTypeSelect = page.getByLabel('Tipo de Evento');
    > 191 |     await eventTypeSelect.selectOption('security_alert');
          |                           ^
      192 |     
      193 |     // Set a very specific date range that likely has no events
      194 |     const startDateInput = page.getByLabel('Fecha Inicio');
        at E:\FREECLOUD\FREECLOUD-IA\PROYECTOS\park\e2e\admin-auditoria.spec.ts:191:27

    attachment #1: screenshot (image/png) ──────────────────────────────────────────────────────────
    ..\test-results\admin-auditoria-Admin-Audi-0d223-ndle-empty-state-gracefully-chromium\test-failed-1.png
    ────────────────────────────────────────────────────────────────────────────────────────────────

    attachment #2: video (video/webm) ──────────────────────────────────────────────────────────────
    ..\test-results\admin-auditoria-Admin-Audi-0d223-ndle-empty-state-gracefully-chromium\video.webm
    ────────────────────────────────────────────────────────────────────────────────────────────────

    Error Context: ..\test-results\admin-auditoria-Admin-Audi-0d223-ndle-empty-state-gracefully-chromium\error-context.md
]]>
</failure>
<system-err>
<![CDATA[
Warning: attachment admin-auditoria-Admin-Audi-0d223-ndle-empty-state-gracefully-chromium\test-failed-1.png is missing
Warning: attachment admin-auditoria-Admin-Audi-0d223-ndle-empty-state-gracefully-chromium\video.webm is missing
Warning: attachment admin-auditoria-Admin-Audi-0d223-ndle-empty-state-gracefully-chromium\error-context.md is missing]]>
</system-err>
</testcase>
<testcase name="Admin Audit Page › should be accessible via admin sidebar" classname="admin-auditoria.spec.ts" time="31.791">
<failure message="admin-auditoria.spec.ts:207:3 should be accessible via admin sidebar" type="FAILURE">
<![CDATA[  [chromium] › admin-auditoria.spec.ts:207:3 › Admin Audit Page › should be accessible via admin sidebar 

    Test timeout of 30000ms exceeded.

    Error: locator.click: Test timeout of 30000ms exceeded.
    Call log:
      - waiting for getByRole('link', { name: /Auditoría/i })


      214 |     
      215 |     // Click the link
    > 216 |     await auditoriaLink.click();
          |                         ^
      217 |     
      218 |     // Verify we're on the audit page
      219 |     await expect(page).toHaveURL(/\/admin\/auditoria/);
        at E:\FREECLOUD\FREECLOUD-IA\PROYECTOS\park\e2e\admin-auditoria.spec.ts:216:25

    attachment #1: screenshot (image/png) ──────────────────────────────────────────────────────────
    ..\test-results\admin-auditoria-Admin-Audi-0d2a3-ccessible-via-admin-sidebar-chromium\test-failed-1.png
    ────────────────────────────────────────────────────────────────────────────────────────────────

    attachment #2: video (video/webm) ──────────────────────────────────────────────────────────────
    ..\test-results\admin-auditoria-Admin-Audi-0d2a3-ccessible-via-admin-sidebar-chromium\video.webm
    ────────────────────────────────────────────────────────────────────────────────────────────────

    Error Context: ..\test-results\admin-auditoria-Admin-Audi-0d2a3-ccessible-via-admin-sidebar-chromium\error-context.md
]]>
</failure>
<system-err>
<![CDATA[
Warning: attachment admin-auditoria-Admin-Audi-0d2a3-ccessible-via-admin-sidebar-chromium\test-failed-1.png is missing
Warning: attachment admin-auditoria-Admin-Audi-0d2a3-ccessible-via-admin-sidebar-chromium\video.webm is missing
Warning: attachment admin-auditoria-Admin-Audi-0d2a3-ccessible-via-admin-sidebar-chromium\error-context.md is missing]]>
</system-err>
</testcase>
</testsuite>
<testsuite name="admin-drivers-crud.spec.ts" timestamp="2026-02-03T15:51:46.613Z" hostname="chromium" tests="10" failures="0" skipped="0" time="31.224" errors="0">
<testcase name="Admin Panel - Drivers CRUD › should load admin panel drivers page" classname="admin-drivers-crud.spec.ts" time="2.083">
</testcase>
<testcase name="Admin Panel - Drivers CRUD › should display drivers list" classname="admin-drivers-crud.spec.ts" time="4.066">
</testcase>
<testcase name="Admin Panel - Drivers CRUD › should create a new driver with phone" classname="admin-drivers-crud.spec.ts" time="3.041">
</testcase>
<testcase name="Admin Panel - Drivers CRUD › should create a new driver without phone (optional)" classname="admin-drivers-crud.spec.ts" time="3.066">
</testcase>
<testcase name="Admin Panel - Drivers CRUD › should validate required name field" classname="admin-drivers-crud.spec.ts" time="3.088">
</testcase>
<testcase name="Admin Panel - Drivers CRUD › should validate phone format" classname="admin-drivers-crud.spec.ts" time="3.028">
</testcase>
<testcase name="Admin Panel - Drivers CRUD › should update driver information" classname="admin-drivers-crud.spec.ts" time="3.13">
</testcase>
<testcase name="Admin Panel - Drivers CRUD › should deactivate driver (soft delete)" classname="admin-drivers-crud.spec.ts" time="3.017">
</testcase>
<testcase name="Admin Panel - Drivers CRUD › should handle API errors gracefully" classname="admin-drivers-crud.spec.ts" time="3.016">
</testcase>
<testcase name="Admin Panel - Drivers CRUD › should maintain state after page refresh" classname="admin-drivers-crud.spec.ts" time="3.689">
</testcase>
</testsuite>
<testsuite name="admin-employees-crud.spec.ts" timestamp="2026-02-03T15:51:46.613Z" hostname="chromium" tests="15" failures="0" skipped="0" time="47.558" errors="0">
<testcase name="Admin Panel - Employees CRUD › should load admin panel employees page" classname="admin-employees-crud.spec.ts" time="1.982">
</testcase>
<testcase name="Admin Panel - Employees CRUD › should display employees list with pagination" classname="admin-employees-crud.spec.ts" time="4.173">
</testcase>
<testcase name="Admin Panel - Employees CRUD › should create a new employee" classname="admin-employees-crud.spec.ts" time="3.156">
</testcase>
<testcase name="Admin Panel - Employees CRUD › should filter employees by status" classname="admin-employees-crud.spec.ts" time="3.281">
</testcase>
<testcase name="Admin Panel - Employees CRUD › should paginate through employees" classname="admin-employees-crud.spec.ts" time="3.655">
</testcase>
<testcase name="Admin Panel - Employees CRUD › should search employees by name" classname="admin-employees-crud.spec.ts" time="3.06">
</testcase>
<testcase name="Admin Panel - Employees CRUD › should view employee details" classname="admin-employees-crud.spec.ts" time="3.009">
</testcase>
<testcase name="Admin Panel - Employees CRUD › should update employee information" classname="admin-employees-crud.spec.ts" time="3.012">
</testcase>
<testcase name="Admin Panel - Employees CRUD › should deactivate employee (soft delete)" classname="admin-employees-crud.spec.ts" time="3.005">
</testcase>
<testcase name="Admin Panel - Employees CRUD › should validate required fields" classname="admin-employees-crud.spec.ts" time="3.049">
</testcase>
<testcase name="Admin Panel - Employees CRUD › should validate PIN format" classname="admin-employees-crud.spec.ts" time="3.06">
</testcase>
<testcase name="Admin Panel - Employees CRUD › should prevent duplicate PINs" classname="admin-employees-crud.spec.ts" time="3.025">
</testcase>
<testcase name="Admin Panel - Employees CRUD › should display employee roles correctly" classname="admin-employees-crud.spec.ts" time="3.193">
</testcase>
<testcase name="Admin Panel - Employees CRUD › should handle API errors gracefully" classname="admin-employees-crud.spec.ts" time="3.109">
</testcase>
<testcase name="Admin Panel - Employees CRUD › should maintain state after page refresh" classname="admin-employees-crud.spec.ts" time="3.789">
</testcase>
</testsuite>
<testsuite name="admin-permission-denied.spec.ts" timestamp="2026-02-03T15:51:46.613Z" hostname="chromium" tests="19" failures="2" skipped="0" time="30.393" errors="0">
<testcase name="Admin Panel - Permission Denied › should deny access to employees page for non-admin users" classname="admin-permission-denied.spec.ts" time="2.271">
</testcase>
<testcase name="Admin Panel - Permission Denied › should deny access to products page for non-admin users" classname="admin-permission-denied.spec.ts" time="2.272">
</testcase>
<testcase name="Admin Panel - Permission Denied › should deny access to promotions page for non-admin users" classname="admin-permission-denied.spec.ts" time="2.314">
</testcase>
<testcase name="Admin Panel - Permission Denied › should deny access to drivers page for non-admin users" classname="admin-permission-denied.spec.ts" time="2.263">
</testcase>
<testcase name="Admin Panel - Permission Denied › should deny access to configuration page for non-admin users" classname="admin-permission-denied.spec.ts" time="2.3">
</testcase>
<testcase name="Admin Panel - Permission Denied › should deny API access to create employee for non-admin users" classname="admin-permission-denied.spec.ts" time="0.247">
</testcase>
<testcase name="Admin Panel - Permission Denied › should deny API access to create product for non-admin users" classname="admin-permission-denied.spec.ts" time="0.279">
</testcase>
<testcase name="Admin Panel - Permission Denied › should deny API access to create promotion for non-admin users" classname="admin-permission-denied.spec.ts" time="0.235">
</testcase>
<testcase name="Admin Panel - Permission Denied › should deny API access to create driver for non-admin users" classname="admin-permission-denied.spec.ts" time="0.229">
</testcase>
<testcase name="Admin Panel - Permission Denied › should deny API access to update configuration for non-admin users" classname="admin-permission-denied.spec.ts" time="0.236">
</testcase>
<testcase name="Admin Panel - Permission Denied › should deny API access to delete employee for non-admin users" classname="admin-permission-denied.spec.ts" time="0.258">
</testcase>
<testcase name="Admin Panel - Permission Denied › should deny API access to delete product for non-admin users" classname="admin-permission-denied.spec.ts" time="0.264">
</testcase>
<testcase name="Admin Panel - Permission Denied › should deny API access to delete promotion for non-admin users" classname="admin-permission-denied.spec.ts" time="0.48">
</testcase>
<testcase name="Admin Panel - Permission Denied › should deny API access to delete driver for non-admin users" classname="admin-permission-denied.spec.ts" time="0.545">
<failure message="admin-permission-denied.spec.ts:195:3 should deny API access to delete driver for non-admin users" type="FAILURE">
<![CDATA[  [chromium] › admin-permission-denied.spec.ts:195:3 › Admin Panel - Permission Denied › should deny API access to delete driver for non-admin users 

    Error: expect(received).toBeTruthy()

    Received: false

      198 |     
      199 |     // Should return 401 or 403
    > 200 |     expect(response.status() === 401 || response.status() === 403).toBeTruthy();
          |                                                                    ^
      201 |   });
      202 |
      203 |   test('should allow admin users to access employees page', async ({ page }) => {
        at E:\FREECLOUD\FREECLOUD-IA\PROYECTOS\park\e2e\admin-permission-denied.spec.ts:200:68

    attachment #1: screenshot (image/png) ──────────────────────────────────────────────────────────
    ..\test-results\admin-permission-denied-Ad-c2e8a--driver-for-non-admin-users-chromium\test-failed-1.png
    ────────────────────────────────────────────────────────────────────────────────────────────────

    attachment #2: video (video/webm) ──────────────────────────────────────────────────────────────
    ..\test-results\admin-permission-denied-Ad-c2e8a--driver-for-non-admin-users-chromium\video.webm
    ────────────────────────────────────────────────────────────────────────────────────────────────
]]>
</failure>
<system-err>
<![CDATA[
Warning: attachment admin-permission-denied-Ad-c2e8a--driver-for-non-admin-users-chromium\test-failed-1.png is missing
Warning: attachment admin-permission-denied-Ad-c2e8a--driver-for-non-admin-users-chromium\video.webm is missing]]>
</system-err>
</testcase>
<testcase name="Admin Panel - Permission Denied › should allow admin users to access employees page" classname="admin-permission-denied.spec.ts" time="3.45">
</testcase>
<testcase name="Admin Panel - Permission Denied › should allow admin users to access products page" classname="admin-permission-denied.spec.ts" time="3.246">
<failure message="admin-permission-denied.spec.ts:223:3 should allow admin users to access products page" type="FAILURE">
<![CDATA[  [chromium] › admin-permission-denied.spec.ts:223:3 › Admin Panel - Permission Denied › should allow admin users to access products page 

    Error: expect(received).toBeTruthy()

    Received: false

      238 |     const content = await page.textContent('body');
      239 |     const has403 = content?.includes('403') || content?.includes('Forbidden');
    > 240 |     expect(!has403).toBeTruthy();
          |                     ^
      241 |   });
      242 |
      243 |   test('should allow admin users to access promotions page', async ({ page }) => {
        at E:\FREECLOUD\FREECLOUD-IA\PROYECTOS\park\e2e\admin-permission-denied.spec.ts:240:21

    attachment #1: screenshot (image/png) ──────────────────────────────────────────────────────────
    ..\test-results\admin-permission-denied-Ad-4a009-ers-to-access-products-page-chromium\test-failed-1.png
    ────────────────────────────────────────────────────────────────────────────────────────────────

    attachment #2: video (video/webm) ──────────────────────────────────────────────────────────────
    ..\test-results\admin-permission-denied-Ad-4a009-ers-to-access-products-page-chromium\video.webm
    ────────────────────────────────────────────────────────────────────────────────────────────────

    Error Context: ..\test-results\admin-permission-denied-Ad-4a009-ers-to-access-products-page-chromium\error-context.md
]]>
</failure>
<system-err>
<![CDATA[
Warning: attachment admin-permission-denied-Ad-4a009-ers-to-access-products-page-chromium\test-failed-1.png is missing
Warning: attachment admin-permission-denied-Ad-4a009-ers-to-access-products-page-chromium\video.webm is missing
Warning: attachment admin-permission-denied-Ad-4a009-ers-to-access-products-page-chromium\error-context.md is missing]]>
</system-err>
</testcase>
<testcase name="Admin Panel - Permission Denied › should allow admin users to access promotions page" classname="admin-permission-denied.spec.ts" time="3.286">
</testcase>
<testcase name="Admin Panel - Permission Denied › should allow admin users to access drivers page" classname="admin-permission-denied.spec.ts" time="3.149">
</testcase>
<testcase name="Admin Panel - Permission Denied › should allow admin users to access configuration page" classname="admin-permission-denied.spec.ts" time="3.069">
</testcase>
</testsuite>
<testsuite name="admin-products-crud.spec.ts" timestamp="2026-02-03T15:51:46.613Z" hostname="chromium" tests="12" failures="0" skipped="0" time="39.016" errors="0">
<testcase name="Admin Panel - Products CRUD › should load admin panel products page" classname="admin-products-crud.spec.ts" time="2.155">
</testcase>
<testcase name="Admin Panel - Products CRUD › should display products list" classname="admin-products-crud.spec.ts" time="4.036">
</testcase>
<testcase name="Admin Panel - Products CRUD › should create a new product" classname="admin-products-crud.spec.ts" time="3.042">
</testcase>
<testcase name="Admin Panel - Products CRUD › should validate SKU uniqueness" classname="admin-products-crud.spec.ts" time="3.187">
</testcase>
<testcase name="Admin Panel - Products CRUD › should store price as integer centavos" classname="admin-products-crud.spec.ts" time="3.183">
</testcase>
<testcase name="Admin Panel - Products CRUD › should increment catalog version on update" classname="admin-products-crud.spec.ts" time="3.059">
</testcase>
<testcase name="Admin Panel - Products CRUD › should update product information" classname="admin-products-crud.spec.ts" time="3.139">
</testcase>
<testcase name="Admin Panel - Products CRUD › should deactivate product (soft delete)" classname="admin-products-crud.spec.ts" time="3.195">
</testcase>
<testcase name="Admin Panel - Products CRUD › should validate required fields" classname="admin-products-crud.spec.ts" time="3.119">
</testcase>
<testcase name="Admin Panel - Products CRUD › should validate category and station enums" classname="admin-products-crud.spec.ts" time="3.272">
</testcase>
<testcase name="Admin Panel - Products CRUD › should handle API errors gracefully" classname="admin-products-crud.spec.ts" time="3.188">
</testcase>
<testcase name="Admin Panel - Products CRUD › should maintain state after page refresh" classname="admin-products-crud.spec.ts" time="4.441">
</testcase>
</testsuite>
<testsuite name="admin-promotions-crud.spec.ts" timestamp="2026-02-03T15:51:46.613Z" hostname="chromium" tests="11" failures="0" skipped="0" time="36.191" errors="0">
<testcase name="Admin Panel - Promotions CRUD › should load admin panel promotions page" classname="admin-promotions-crud.spec.ts" time="2.416">
</testcase>
<testcase name="Admin Panel - Promotions CRUD › should display promotions list" classname="admin-promotions-crud.spec.ts" time="4.343">
</testcase>
<testcase name="Admin Panel - Promotions CRUD › should create a new promotion" classname="admin-promotions-crud.spec.ts" time="3.084">
</testcase>
<testcase name="Admin Panel - Promotions CRUD › should validate date range" classname="admin-promotions-crud.spec.ts" time="3.06">
</testcase>
<testcase name="Admin Panel - Promotions CRUD › should update promotion information" classname="admin-promotions-crud.spec.ts" time="3.142">
</testcase>
<testcase name="Admin Panel - Promotions CRUD › should deactivate promotion (soft delete)" classname="admin-promotions-crud.spec.ts" time="3.322">
</testcase>
<testcase name="Admin Panel - Promotions CRUD › should validate required fields" classname="admin-promotions-crud.spec.ts" time="3.466">
</testcase>
<testcase name="Admin Panel - Promotions CRUD › should validate promotion type" classname="admin-promotions-crud.spec.ts" time="3.281">
</testcase>
<testcase name="Admin Panel - Promotions CRUD › should display promotion types correctly" classname="admin-promotions-crud.spec.ts" time="3.202">
</testcase>
<testcase name="Admin Panel - Promotions CRUD › should handle API errors gracefully" classname="admin-promotions-crud.spec.ts" time="3.121">
</testcase>
<testcase name="Admin Panel - Promotions CRUD › should maintain state after page refresh" classname="admin-promotions-crud.spec.ts" time="3.754">
</testcase>
</testsuite>
<testsuite name="complete-waiter-flow.spec.ts" timestamp="2026-02-03T15:51:46.613Z" hostname="chromium" tests="4" failures="4" skipped="0" time="127.896" errors="0">
<testcase name="Complete Waiter Flow - End to End › complete flow: waiter login → order → submit → KDS + cashier receive" classname="complete-waiter-flow.spec.ts" time="32.109">
<failure message="complete-waiter-flow.spec.ts:27:5 complete flow: waiter login → order → submit → KDS + cashier receive" type="FAILURE">
<![CDATA[  [chromium] › complete-waiter-flow.spec.ts:27:5 › Complete Waiter Flow - End to End › complete flow: waiter login → order → submit → KDS + cashier receive 

    Test timeout of 30000ms exceeded.

    Error: Tables did not load - see screenshot and logs

       95 |             }
       96 |             
    >  97 |             throw new Error("Tables did not load - see screenshot and logs");
          |                   ^
       98 |         }
       99 |         
      100 |         console.log(`  ✅ Mesa ${tableNumber} button found and visible`);
        at E:\FREECLOUD\FREECLOUD-IA\PROYECTOS\park\e2e\complete-waiter-flow.spec.ts:97:19

    attachment #1: screenshot (image/png) ──────────────────────────────────────────────────────────
    ..\test-results\complete-waiter-flow-Compl-36244-ubmit-→-KDS-cashier-receive-chromium\test-failed-1.png
    ────────────────────────────────────────────────────────────────────────────────────────────────

    attachment #2: video (video/webm) ──────────────────────────────────────────────────────────────
    ..\test-results\complete-waiter-flow-Compl-36244-ubmit-→-KDS-cashier-receive-chromium\video.webm
    ────────────────────────────────────────────────────────────────────────────────────────────────

    Error Context: ..\test-results\complete-waiter-flow-Compl-36244-ubmit-→-KDS-cashier-receive-chromium\error-context.md
]]>
</failure>
<system-out>
<![CDATA[🚀 Starting Complete Waiter Flow Test
📱 STEP 1: Waiter accessing system
✅ Waiter page loaded successfully
🪑 STEP 2: Selecting table
  → Waiting for page to finish loading...
  → Looking for table buttons...
  → Found 13 buttons on page
  → Found 0 elements with "Mesa" text
  → Trying alternative selector...
  ❌ Tables not found! Screenshot saved
  → Page title: PARK POS
  → URL: http://localhost:3000/mozo
  → Has 'MESERO' text: [33mtrue[39m
]]>
</system-out>
<system-err>
<![CDATA[
Warning: attachment complete-waiter-flow-Compl-36244-ubmit-→-KDS-cashier-receive-chromium\test-failed-1.png is missing
Warning: attachment complete-waiter-flow-Compl-36244-ubmit-→-KDS-cashier-receive-chromium\video.webm is missing
Warning: attachment complete-waiter-flow-Compl-36244-ubmit-→-KDS-cashier-receive-chromium\error-context.md is missing]]>
</system-err>
</testcase>
<testcase name="Complete Waiter Flow - End to End › verify order status changes propagate across all screens" classname="complete-waiter-flow.spec.ts" time="32.738">
<failure message="complete-waiter-flow.spec.ts:297:5 verify order status changes propagate across all screens" type="FAILURE">
<![CDATA[  [chromium] › complete-waiter-flow.spec.ts:297:5 › Complete Waiter Flow - End to End › verify order status changes propagate across all screens 

    Test timeout of 30000ms exceeded.

    Error: page.click: Test timeout of 30000ms exceeded.
    Call log:
      - waiting for locator('text=Mesa 2')


      301 |         await page.goto("/mozo");
      302 |         await page.waitForLoadState("networkidle");
    > 303 |         await page.click('text=Mesa 2');
          |                    ^
      304 |         await page.waitForLoadState("networkidle");
      305 |
      306 |         // Add item
        at E:\FREECLOUD\FREECLOUD-IA\PROYECTOS\park\e2e\complete-waiter-flow.spec.ts:303:20

    attachment #1: screenshot (image/png) ──────────────────────────────────────────────────────────
    ..\test-results\complete-waiter-flow-Compl-5686c-ropagate-across-all-screens-chromium\test-failed-1.png
    ────────────────────────────────────────────────────────────────────────────────────────────────

    attachment #2: video (video/webm) ──────────────────────────────────────────────────────────────
    ..\test-results\complete-waiter-flow-Compl-5686c-ropagate-across-all-screens-chromium\video.webm
    ────────────────────────────────────────────────────────────────────────────────────────────────

    Error Context: ..\test-results\complete-waiter-flow-Compl-5686c-ropagate-across-all-screens-chromium\error-context.md
]]>
</failure>
<system-out>
<![CDATA[🔄 Starting Order Status Propagation Test

[[ATTACHMENT|complete-waiter-flow-Compl-5686c-ropagate-across-all-screens-chromium\test-failed-1.png]]

[[ATTACHMENT|complete-waiter-flow-Compl-5686c-ropagate-across-all-screens-chromium\video.webm]]

[[ATTACHMENT|complete-waiter-flow-Compl-5686c-ropagate-across-all-screens-chromium\error-context.md]]
]]>
</system-out>
</testcase>
<testcase name="Complete Waiter Flow - End to End › verify multiple waiters can work simultaneously" classname="complete-waiter-flow.spec.ts" time="31.776">
<failure message="complete-waiter-flow.spec.ts:350:5 verify multiple waiters can work simultaneously" type="FAILURE">
<![CDATA[  [chromium] › complete-waiter-flow.spec.ts:350:5 › Complete Waiter Flow - End to End › verify multiple waiters can work simultaneously 

    Test timeout of 30000ms exceeded.

    Error: page.click: Test timeout of 30000ms exceeded.
    Call log:
      - waiting for locator('text=Mesa 3')


      354 |         await page.goto("/mozo");
      355 |         await page.waitForLoadState("networkidle");
    > 356 |         await page.click('text=Mesa 3');
          |                    ^
      357 |         await page.waitForLoadState("networkidle");
      358 |
      359 |         const pollo1 = page.locator('button:has-text("Pollo")').first();
        at E:\FREECLOUD\FREECLOUD-IA\PROYECTOS\park\e2e\complete-waiter-flow.spec.ts:356:20

    attachment #1: screenshot (image/png) ──────────────────────────────────────────────────────────
    ..\test-results\complete-waiter-flow-Compl-2cb4e-ers-can-work-simultaneously-chromium\test-failed-1.png
    ────────────────────────────────────────────────────────────────────────────────────────────────

    attachment #2: video (video/webm) ──────────────────────────────────────────────────────────────
    ..\test-results\complete-waiter-flow-Compl-2cb4e-ers-can-work-simultaneously-chromium\video.webm
    ────────────────────────────────────────────────────────────────────────────────────────────────

    Error Context: ..\test-results\complete-waiter-flow-Compl-2cb4e-ers-can-work-simultaneously-chromium\error-context.md
]]>
</failure>
<system-out>
<![CDATA[👥 Starting Multiple Waiters Test

[[ATTACHMENT|complete-waiter-flow-Compl-2cb4e-ers-can-work-simultaneously-chromium\test-failed-1.png]]

[[ATTACHMENT|complete-waiter-flow-Compl-2cb4e-ers-can-work-simultaneously-chromium\video.webm]]

[[ATTACHMENT|complete-waiter-flow-Compl-2cb4e-ers-can-work-simultaneously-chromium\error-context.md]]
]]>
</system-out>
</testcase>
<testcase name="Complete Waiter Flow - End to End › verify order persists after page refresh" classname="complete-waiter-flow.spec.ts" time="31.273">
<failure message="complete-waiter-flow.spec.ts:411:5 verify order persists after page refresh" type="FAILURE">
<![CDATA[  [chromium] › complete-waiter-flow.spec.ts:411:5 › Complete Waiter Flow - End to End › verify order persists after page refresh 

    Test timeout of 30000ms exceeded.

    Error: page.click: Test timeout of 30000ms exceeded.
    Call log:
      - waiting for locator('text=Mesa 5')


      415 |         await page.goto("/mozo");
      416 |         await page.waitForLoadState("networkidle");
    > 417 |         await page.click('text=Mesa 5');
          |                    ^
      418 |         await page.waitForLoadState("networkidle");
      419 |
      420 |         // Add item
        at E:\FREECLOUD\FREECLOUD-IA\PROYECTOS\park\e2e\complete-waiter-flow.spec.ts:417:20

    attachment #1: screenshot (image/png) ──────────────────────────────────────────────────────────
    ..\test-results\complete-waiter-flow-Compl-8e66e-persists-after-page-refresh-chromium\test-failed-1.png
    ────────────────────────────────────────────────────────────────────────────────────────────────

    attachment #2: video (video/webm) ──────────────────────────────────────────────────────────────
    ..\test-results\complete-waiter-flow-Compl-8e66e-persists-after-page-refresh-chromium\video.webm
    ────────────────────────────────────────────────────────────────────────────────────────────────

    Error Context: ..\test-results\complete-waiter-flow-Compl-8e66e-persists-after-page-refresh-chromium\error-context.md
]]>
</failure>
<system-out>
<![CDATA[🔄 Starting Order Persistence Test

[[ATTACHMENT|complete-waiter-flow-Compl-8e66e-persists-after-page-refresh-chromium\test-failed-1.png]]

[[ATTACHMENT|complete-waiter-flow-Compl-8e66e-persists-after-page-refresh-chromium\video.webm]]

[[ATTACHMENT|complete-waiter-flow-Compl-8e66e-persists-after-page-refresh-chromium\error-context.md]]
]]>
</system-out>
</testcase>
</testsuite>
<testsuite name="waiter-to-kds.spec.ts" timestamp="2026-02-03T15:51:46.613Z" hostname="chromium" tests="5" failures="5" skipped="0" time="151.45" errors="0">
<testcase name="Waiter to KDS Flow › waiter creates order and submits to kitchen, KDS shows order" classname="waiter-to-kds.spec.ts" time="30.392">
<failure message="waiter-to-kds.spec.ts:20:5 waiter creates order and submits to kitchen, KDS shows order" type="FAILURE">
<![CDATA[  [chromium] › waiter-to-kds.spec.ts:20:5 › Waiter to KDS Flow › waiter creates order and submits to kitchen, KDS shows order 

    Test timeout of 30000ms exceeded.

    Error: page.click: Test timeout of 30000ms exceeded.
    Call log:
      - waiting for locator('text=Mesa 1')


      24 |
      25 |         // Select a table (e.g., Mesa 1)
    > 26 |         await page.click('text=Mesa 1');
         |                    ^
      27 |         await page.waitForLoadState("networkidle");
      28 |
      29 |         // Step 2: Add items to order
        at E:\FREECLOUD\FREECLOUD-IA\PROYECTOS\park\e2e\waiter-to-kds.spec.ts:26:20

    attachment #1: screenshot (image/png) ──────────────────────────────────────────────────────────
    ..\test-results\waiter-to-kds-Waiter-to-KD-a3084--to-kitchen-KDS-shows-order-chromium\test-failed-1.png
    ────────────────────────────────────────────────────────────────────────────────────────────────

    attachment #2: video (video/webm) ──────────────────────────────────────────────────────────────
    ..\test-results\waiter-to-kds-Waiter-to-KD-a3084--to-kitchen-KDS-shows-order-chromium\video.webm
    ────────────────────────────────────────────────────────────────────────────────────────────────

    Error Context: ..\test-results\waiter-to-kds-Waiter-to-KD-a3084--to-kitchen-KDS-shows-order-chromium\error-context.md
]]>
</failure>
<system-out>
<![CDATA[
[[ATTACHMENT|waiter-to-kds-Waiter-to-KD-a3084--to-kitchen-KDS-shows-order-chromium\test-failed-1.png]]

[[ATTACHMENT|waiter-to-kds-Waiter-to-KD-a3084--to-kitchen-KDS-shows-order-chromium\video.webm]]

[[ATTACHMENT|waiter-to-kds-Waiter-to-KD-a3084--to-kitchen-KDS-shows-order-chromium\error-context.md]]
]]>
</system-out>
</testcase>
<testcase name="Waiter to KDS Flow › KDS can change item status after submission" classname="waiter-to-kds.spec.ts" time="30.292">
<failure message="waiter-to-kds.spec.ts:98:5 KDS can change item status after submission" type="FAILURE">
<![CDATA[  [chromium] › waiter-to-kds.spec.ts:98:5 › Waiter to KDS Flow › KDS can change item status after submission 

    Test timeout of 30000ms exceeded.

    Error: page.click: Test timeout of 30000ms exceeded.
    Call log:
      - waiting for locator('text=Mesa 2')


      100 |         await page.goto("/mozo");
      101 |         await page.waitForLoadState("networkidle");
    > 102 |         await page.click('text=Mesa 2');
          |                    ^
      103 |         await page.waitForLoadState("networkidle");
      104 |
      105 |         // Add item
        at E:\FREECLOUD\FREECLOUD-IA\PROYECTOS\park\e2e\waiter-to-kds.spec.ts:102:20

    attachment #1: screenshot (image/png) ──────────────────────────────────────────────────────────
    ..\test-results\waiter-to-kds-Waiter-to-KD-99c7e-tem-status-after-submission-chromium\test-failed-1.png
    ────────────────────────────────────────────────────────────────────────────────────────────────

    attachment #2: video (video/webm) ──────────────────────────────────────────────────────────────
    ..\test-results\waiter-to-kds-Waiter-to-KD-99c7e-tem-status-after-submission-chromium\video.webm
    ────────────────────────────────────────────────────────────────────────────────────────────────

    Error Context: ..\test-results\waiter-to-kds-Waiter-to-KD-99c7e-tem-status-after-submission-chromium\error-context.md
]]>
</failure>
<system-out>
<![CDATA[
[[ATTACHMENT|waiter-to-kds-Waiter-to-KD-99c7e-tem-status-after-submission-chromium\test-failed-1.png]]

[[ATTACHMENT|waiter-to-kds-Waiter-to-KD-99c7e-tem-status-after-submission-chromium\video.webm]]

[[ATTACHMENT|waiter-to-kds-Waiter-to-KD-99c7e-tem-status-after-submission-chromium\error-context.md]]
]]>
</system-out>
</testcase>
<testcase name="Waiter to KDS Flow › multiple waiters can submit orders simultaneously" classname="waiter-to-kds.spec.ts" time="30.219">
<failure message="waiter-to-kds.spec.ts:146:5 multiple waiters can submit orders simultaneously" type="FAILURE">
[...]
      28 |     await page.waitForLoadState('networkidle');
      29 |   });
      30 |
        at E:\FREECLOUD\FREECLOUD-IA\PROYECTOS\park\e2e\admin-promotions-crud.spec.ts:27:16

    attachment #1: screenshot (image/png) ──────────────────────────────────────────────────────────
    ..\test-results\admin-promotions-crud-Admi-0e6e1-andle-API-errors-gracefully-mobile\test-failed-1.png
    ────────────────────────────────────────────────────────────────────────────────────────────────

    attachment #2: video (video/webm) ──────────────────────────────────────────────────────────────
    ..\test-results\admin-promotions-crud-Admi-0e6e1-andle-API-errors-gracefully-mobile\video.webm
    ────────────────────────────────────────────────────────────────────────────────────────────────
]]>
</failure>
<system-out>
<![CDATA[
[[ATTACHMENT|admin-promotions-crud-Admi-0e6e1-andle-API-errors-gracefully-mobile\test-failed-1.png]]

[[ATTACHMENT|admin-promotions-crud-Admi-0e6e1-andle-API-errors-gracefully-mobile\video.webm]]
]]>
</system-out>
</testcase>
<testcase name="Admin Panel - Promotions CRUD › should maintain state after page refresh" classname="admin-promotions-crud.spec.ts" time="2.865">
<failure message="admin-promotions-crud.spec.ts:317:3 should maintain state after page refresh" type="FAILURE">
<![CDATA[  [mobile] › admin-promotions-crud.spec.ts:317:3 › Admin Panel - Promotions CRUD › should maintain state after page refresh 

    Error: page.goto: net::ERR_CONNECTION_REFUSED at http://localhost:3000/admin
    Call log:
      - navigating to "http://localhost:3000/admin", waiting until "load"


      25 |   test.beforeEach(async ({ page }) => {
      26 |     // Navigate to admin panel
    > 27 |     await page.goto(`${BASE_URL}/admin`);
         |                ^
      28 |     await page.waitForLoadState('networkidle');
      29 |   });
      30 |
        at E:\FREECLOUD\FREECLOUD-IA\PROYECTOS\park\e2e\admin-promotions-crud.spec.ts:27:16

    attachment #1: screenshot (image/png) ──────────────────────────────────────────────────────────
    ..\test-results\admin-promotions-crud-Admi-96b8f-in-state-after-page-refresh-mobile\test-failed-1.png
    ────────────────────────────────────────────────────────────────────────────────────────────────

    attachment #2: video (video/webm) ──────────────────────────────────────────────────────────────
    ..\test-results\admin-promotions-crud-Admi-96b8f-in-state-after-page-refresh-mobile\video.webm
    ────────────────────────────────────────────────────────────────────────────────────────────────
]]>
</failure>
<system-out>
<![CDATA[
[[ATTACHMENT|admin-promotions-crud-Admi-96b8f-in-state-after-page-refresh-mobile\test-failed-1.png]]

[[ATTACHMENT|admin-promotions-crud-Admi-96b8f-in-state-after-page-refresh-mobile\video.webm]]
]]>
</system-out>
</testcase>
</testsuite>
<testsuite name="complete-waiter-flow.spec.ts" timestamp="2026-02-03T15:51:46.613Z" hostname="mobile" tests="4" failures="4" skipped="0" time="11.362" errors="0">
<testcase name="Complete Waiter Flow - End to End › complete flow: waiter login → order → submit → KDS + cashier receive" classname="complete-waiter-flow.spec.ts" time="2.872">
<failure message="complete-waiter-flow.spec.ts:27:5 complete flow: waiter login → order → submit → KDS + cashier receive" type="FAILURE">
<![CDATA[  [mobile] › complete-waiter-flow.spec.ts:27:5 › Complete Waiter Flow - End to End › complete flow: waiter login → order → submit → KDS + cashier receive 

    Error: page.goto: net::ERR_CONNECTION_REFUSED at http://localhost:3000/
    Call log:
      - navigating to "http://localhost:3000/", waiting until "load"


       at helpers\test-utils.ts:142

      140 |  */
      141 | export async function setupWaiterTerminal(page: Page) {
    > 142 |     await page.goto("/");
          |                ^
      143 |     
      144 |     await page.evaluate(({ tenantId }) => {
      145 |         // Terminal configuration
        at setupWaiterTerminal (E:\FREECLOUD\FREECLOUD-IA\PROYECTOS\park\e2e\helpers\test-utils.ts:142:16)
        at E:\FREECLOUD\FREECLOUD-IA\PROYECTOS\park\e2e\complete-waiter-flow.spec.ts:24:15

    attachment #1: screenshot (image/png) ──────────────────────────────────────────────────────────
    ..\test-results\complete-waiter-flow-Compl-36244-ubmit-→-KDS-cashier-receive-mobile\test-failed-1.png
    ────────────────────────────────────────────────────────────────────────────────────────────────

    attachment #2: video (video/webm) ──────────────────────────────────────────────────────────────
    ..\test-results\complete-waiter-flow-Compl-36244-ubmit-→-KDS-cashier-receive-mobile\video.webm
    ────────────────────────────────────────────────────────────────────────────────────────────────
]]>
</failure>
<system-out>
<![CDATA[
[[ATTACHMENT|complete-waiter-flow-Compl-36244-ubmit-→-KDS-cashier-receive-mobile\test-failed-1.png]]

[[ATTACHMENT|complete-waiter-flow-Compl-36244-ubmit-→-KDS-cashier-receive-mobile\video.webm]]
]]>
</system-out>
</testcase>
<testcase name="Complete Waiter Flow - End to End › verify order status changes propagate across all screens" classname="complete-waiter-flow.spec.ts" time="2.867">
<failure message="complete-waiter-flow.spec.ts:297:5 verify order status changes propagate across all screens" type="FAILURE">
<![CDATA[  [mobile] › complete-waiter-flow.spec.ts:297:5 › Complete Waiter Flow - End to End › verify order status changes propagate across all screens 

    Error: page.goto: net::ERR_CONNECTION_REFUSED at http://localhost:3000/
    Call log:
      - navigating to "http://localhost:3000/", waiting until "load"


       at helpers\test-utils.ts:142

      140 |  */
      141 | export async function setupWaiterTerminal(page: Page) {
    > 142 |     await page.goto("/");
          |                ^
      143 |     
      144 |     await page.evaluate(({ tenantId }) => {
      145 |         // Terminal configuration
        at setupWaiterTerminal (E:\FREECLOUD\FREECLOUD-IA\PROYECTOS\park\e2e\helpers\test-utils.ts:142:16)
        at E:\FREECLOUD\FREECLOUD-IA\PROYECTOS\park\e2e\complete-waiter-flow.spec.ts:24:15

    attachment #1: screenshot (image/png) ──────────────────────────────────────────────────────────
    ..\test-results\complete-waiter-flow-Compl-5686c-ropagate-across-all-screens-mobile\test-failed-1.png
    ────────────────────────────────────────────────────────────────────────────────────────────────

    attachment #2: video (video/webm) ──────────────────────────────────────────────────────────────
    ..\test-results\complete-waiter-flow-Compl-5686c-ropagate-across-all-screens-mobile\video.webm
    ────────────────────────────────────────────────────────────────────────────────────────────────
]]>
</failure>
<system-out>
<![CDATA[
[[ATTACHMENT|complete-waiter-flow-Compl-5686c-ropagate-across-all-screens-mobile\test-failed-1.png]]

[[ATTACHMENT|complete-waiter-flow-Compl-5686c-ropagate-across-all-screens-mobile\video.webm]]
]]>
</system-out>
</testcase>
<testcase name="Complete Waiter Flow - End to End › verify multiple waiters can work simultaneously" classname="complete-waiter-flow.spec.ts" time="2.787">
<failure message="complete-waiter-flow.spec.ts:350:5 verify multiple waiters can work simultaneously" type="FAILURE">
<![CDATA[  [mobile] › complete-waiter-flow.spec.ts:350:5 › Complete Waiter Flow - End to End › verify multiple waiters can work simultaneously 

    Error: page.goto: net::ERR_CONNECTION_REFUSED at http://localhost:3000/
    Call log:
      - navigating to "http://localhost:3000/", waiting until "load"


       at helpers\test-utils.ts:142

      140 |  */
      141 | export async function setupWaiterTerminal(page: Page) {
    > 142 |     await page.goto("/");
          |                ^
      143 |     
      144 |     await page.evaluate(({ tenantId }) => {
      145 |         // Terminal configuration
        at setupWaiterTerminal (E:\FREECLOUD\FREECLOUD-IA\PROYECTOS\park\e2e\helpers\test-utils.ts:142:16)
        at E:\FREECLOUD\FREECLOUD-IA\PROYECTOS\park\e2e\complete-waiter-flow.spec.ts:24:15

    attachment #1: screenshot (image/png) ──────────────────────────────────────────────────────────
    ..\test-results\complete-waiter-flow-Compl-2cb4e-ers-can-work-simultaneously-mobile\test-failed-1.png
    ────────────────────────────────────────────────────────────────────────────────────────────────

    attachment #2: video (video/webm) ──────────────────────────────────────────────────────────────
    ..\test-results\complete-waiter-flow-Compl-2cb4e-ers-can-work-simultaneously-mobile\video.webm
    ────────────────────────────────────────────────────────────────────────────────────────────────
]]>
</failure>
<system-out>
<![CDATA[
[[ATTACHMENT|complete-waiter-flow-Compl-2cb4e-ers-can-work-simultaneously-mobile\test-failed-1.png]]

[[ATTACHMENT|complete-waiter-flow-Compl-2cb4e-ers-can-work-simultaneously-mobile\video.webm]]
]]>
</system-out>
</testcase>
<testcase name="Complete Waiter Flow - End to End › verify order persists after page refresh" classname="complete-waiter-flow.spec.ts" time="2.836">
<failure message="complete-waiter-flow.spec.ts:411:5 verify order persists after page refresh" type="FAILURE">
<![CDATA[  [mobile] › complete-waiter-flow.spec.ts:411:5 › Complete Waiter Flow - End to End › verify order persists after page refresh 

    Error: page.goto: net::ERR_CONNECTION_REFUSED at http://localhost:3000/
    Call log:
      - navigating to "http://localhost:3000/", waiting until "load"


       at helpers\test-utils.ts:142

      140 |  */
      141 | export async function setupWaiterTerminal(page: Page) {
    > 142 |     await page.goto("/");
          |                ^
      143 |     
      144 |     await page.evaluate(({ tenantId }) => {
      145 |         // Terminal configuration
        at setupWaiterTerminal (E:\FREECLOUD\FREECLOUD-IA\PROYECTOS\park\e2e\helpers\test-utils.ts:142:16)
        at E:\FREECLOUD\FREECLOUD-IA\PROYECTOS\park\e2e\complete-waiter-flow.spec.ts:24:15

    attachment #1: screenshot (image/png) ──────────────────────────────────────────────────────────
    ..\test-results\complete-waiter-flow-Compl-8e66e-persists-after-page-refresh-mobile\test-failed-1.png
    ────────────────────────────────────────────────────────────────────────────────────────────────

    attachment #2: video (video/webm) ──────────────────────────────────────────────────────────────
    ..\test-results\complete-waiter-flow-Compl-8e66e-persists-after-page-refresh-mobile\video.webm
    ────────────────────────────────────────────────────────────────────────────────────────────────
]]>
</failure>
<system-out>
<![CDATA[
[[ATTACHMENT|complete-waiter-flow-Compl-8e66e-persists-after-page-refresh-mobile\test-failed-1.png]]

[[ATTACHMENT|complete-waiter-flow-Compl-8e66e-persists-after-page-refresh-mobile\video.webm]]
]]>
</system-out>
</testcase>
</testsuite>
<testsuite name="waiter-to-kds.spec.ts" timestamp="2026-02-03T15:51:46.613Z" hostname="mobile" tests="5" failures="5" skipped="0" time="14.24" errors="0">
<testcase name="Waiter to KDS Flow › waiter creates order and submits to kitchen, KDS shows order" classname="waiter-to-kds.spec.ts" time="2.907">
<failure message="waiter-to-kds.spec.ts:20:5 waiter creates order and submits to kitchen, KDS shows order" type="FAILURE">
<![CDATA[  [mobile] › waiter-to-kds.spec.ts:20:5 › Waiter to KDS Flow › waiter creates order and submits to kitchen, KDS shows order 

    Error: page.goto: net::ERR_CONNECTION_REFUSED at http://localhost:3000/
    Call log:
      - navigating to "http://localhost:3000/", waiting until "load"


      14 |     test.beforeEach(async ({ page }) => {
      15 |         // Navigate to home and ensure clean state
    > 16 |         await page.goto("/");
         |                    ^
      17 |         await page.waitForLoadState("networkidle");
      18 |     });
      19 |
        at E:\FREECLOUD\FREECLOUD-IA\PROYECTOS\park\e2e\waiter-to-kds.spec.ts:16:20

    attachment #1: screenshot (image/png) ──────────────────────────────────────────────────────────
    ..\test-results\waiter-to-kds-Waiter-to-KD-a3084--to-kitchen-KDS-shows-order-mobile\test-failed-1.png
    ────────────────────────────────────────────────────────────────────────────────────────────────

    attachment #2: video (video/webm) ──────────────────────────────────────────────────────────────
    ..\test-results\waiter-to-kds-Waiter-to-KD-a3084--to-kitchen-KDS-shows-order-mobile\video.webm
    ────────────────────────────────────────────────────────────────────────────────────────────────
]]>
</failure>
<system-out>
<![CDATA[
[[ATTACHMENT|waiter-to-kds-Waiter-to-KD-a3084--to-kitchen-KDS-shows-order-mobile\test-failed-1.png]]

[[ATTACHMENT|waiter-to-kds-Waiter-to-KD-a3084--to-kitchen-KDS-shows-order-mobile\video.webm]]
]]>
</system-out>
</testcase>
<testcase name="Waiter to KDS Flow › KDS can change item status after submission" classname="waiter-to-kds.spec.ts" time="2.866">
<failure message="waiter-to-kds.spec.ts:98:5 KDS can change item status after submission" type="FAILURE">
<![CDATA[  [mobile] › waiter-to-kds.spec.ts:98:5 › Waiter to KDS Flow › KDS can change item status after submission 

    Error: page.goto: net::ERR_CONNECTION_REFUSED at http://localhost:3000/
    Call log:
      - navigating to "http://localhost:3000/", waiting until "load"


      14 |     test.beforeEach(async ({ page }) => {
      15 |         // Navigate to home and ensure clean state
    > 16 |         await page.goto("/");
         |                    ^
      17 |         await page.waitForLoadState("networkidle");
      18 |     });
      19 |
        at E:\FREECLOUD\FREECLOUD-IA\PROYECTOS\park\e2e\waiter-to-kds.spec.ts:16:20

    attachment #1: screenshot (image/png) ──────────────────────────────────────────────────────────
    ..\test-results\waiter-to-kds-Waiter-to-KD-99c7e-tem-status-after-submission-mobile\test-failed-1.png
    ────────────────────────────────────────────────────────────────────────────────────────────────

    attachment #2: video (video/webm) ──────────────────────────────────────────────────────────────
    ..\test-results\waiter-to-kds-Waiter-to-KD-99c7e-tem-status-after-submission-mobile\video.webm
    ────────────────────────────────────────────────────────────────────────────────────────────────
]]>
</failure>
<system-out>
<![CDATA[
[[ATTACHMENT|waiter-to-kds-Waiter-to-KD-99c7e-tem-status-after-submission-mobile\test-failed-1.png]]

[[ATTACHMENT|waiter-to-kds-Waiter-to-KD-99c7e-tem-status-after-submission-mobile\video.webm]]
]]>
</system-out>
</testcase>
<testcase name="Waiter to KDS Flow › multiple waiters can submit orders simultaneously" classname="waiter-to-kds.spec.ts" time="2.833">
<failure message="waiter-to-kds.spec.ts:146:5 multiple waiters can submit orders simultaneously" type="FAILURE">
<![CDATA[  [mobile] › waiter-to-kds.spec.ts:146:5 › Waiter to KDS Flow › multiple waiters can submit orders simultaneously 

    Error: page.goto: net::ERR_CONNECTION_REFUSED at http://localhost:3000/
    Call log:
      - navigating to "http://localhost:3000/", waiting until "load"


      14 |     test.beforeEach(async ({ page }) => {
      15 |         // Navigate to home and ensure clean state
    > 16 |         await page.goto("/");
         |                    ^
      17 |         await page.waitForLoadState("networkidle");
      18 |     });
      19 |
        at E:\FREECLOUD\FREECLOUD-IA\PROYECTOS\park\e2e\waiter-to-kds.spec.ts:16:20

    attachment #1: screenshot (image/png) ──────────────────────────────────────────────────────────
    ..\test-results\waiter-to-kds-Waiter-to-KD-f6918-ubmit-orders-simultaneously-mobile\test-failed-1.png
    ────────────────────────────────────────────────────────────────────────────────────────────────

    attachment #2: video (video/webm) ──────────────────────────────────────────────────────────────
    ..\test-results\waiter-to-kds-Waiter-to-KD-f6918-ubmit-orders-simultaneously-mobile\video.webm
    ────────────────────────────────────────────────────────────────────────────────────────────────
]]>
</failure>
<system-out>
<![CDATA[
[[ATTACHMENT|waiter-to-kds-Waiter-to-KD-f6918-ubmit-orders-simultaneously-mobile\test-failed-1.png]]

[[ATTACHMENT|waiter-to-kds-Waiter-to-KD-f6918-ubmit-orders-simultaneously-mobile\video.webm]]
]]>
</system-out>
</testcase>
<testcase name="Waiter to KDS Flow › order with no items cannot be submitted" classname="waiter-to-kds.spec.ts" time="2.811">
<failure message="waiter-to-kds.spec.ts:203:5 order with no items cannot be submitted" type="FAILURE">
<![CDATA[  [mobile] › waiter-to-kds.spec.ts:203:5 › Waiter to KDS Flow › order with no items cannot be submitted 

    Error: page.goto: net::ERR_CONNECTION_REFUSED at http://localhost:3000/
    Call log:
      - navigating to "http://localhost:3000/", waiting until "load"


      14 |     test.beforeEach(async ({ page }) => {
      15 |         // Navigate to home and ensure clean state
    > 16 |         await page.goto("/");
         |                    ^
      17 |         await page.waitForLoadState("networkidle");
      18 |     });
      19 |
        at E:\FREECLOUD\FREECLOUD-IA\PROYECTOS\park\e2e\waiter-to-kds.spec.ts:16:20

    attachment #1: screenshot (image/png) ──────────────────────────────────────────────────────────
    ..\test-results\waiter-to-kds-Waiter-to-KD-91c99-o-items-cannot-be-submitted-mobile\test-failed-1.png
    ────────────────────────────────────────────────────────────────────────────────────────────────

    attachment #2: video (video/webm) ──────────────────────────────────────────────────────────────
    ..\test-results\waiter-to-kds-Waiter-to-KD-91c99-o-items-cannot-be-submitted-mobile\video.webm
    ────────────────────────────────────────────────────────────────────────────────────────────────
]]>
</failure>
<system-out>
<![CDATA[
[[ATTACHMENT|waiter-to-kds-Waiter-to-KD-91c99-o-items-cannot-be-submitted-mobile\test-failed-1.png]]

[[ATTACHMENT|waiter-to-kds-Waiter-to-KD-91c99-o-items-cannot-be-submitted-mobile\video.webm]]
]]>
</system-out>
</testcase>
<testcase name="Waiter to KDS Flow › submitted items remain visible on waiter screen" classname="waiter-to-kds.spec.ts" time="2.823">
<failure message="waiter-to-kds.spec.ts:223:5 submitted items remain visible on waiter screen" type="FAILURE">
<![CDATA[  [mobile] › waiter-to-kds.spec.ts:223:5 › Waiter to KDS Flow › submitted items remain visible on waiter screen 

    Error: page.goto: net::ERR_CONNECTION_REFUSED at http://localhost:3000/
    Call log:
      - navigating to "http://localhost:3000/", waiting until "load"


      14 |     test.beforeEach(async ({ page }) => {
      15 |         // Navigate to home and ensure clean state
    > 16 |         await page.goto("/");
         |                    ^
      17 |         await page.waitForLoadState("networkidle");
      18 |     });
      19 |
        at E:\FREECLOUD\FREECLOUD-IA\PROYECTOS\park\e2e\waiter-to-kds.spec.ts:16:20

    attachment #1: screenshot (image/png) ──────────────────────────────────────────────────────────
    ..\test-results\waiter-to-kds-Waiter-to-KD-e2f6f-in-visible-on-waiter-screen-mobile\test-failed-1.png
    ────────────────────────────────────────────────────────────────────────────────────────────────

    attachment #2: video (video/webm) ──────────────────────────────────────────────────────────────
    ..\test-results\waiter-to-kds-Waiter-to-KD-e2f6f-in-visible-on-waiter-screen-mobile\video.webm
    ────────────────────────────────────────────────────────────────────────────────────────────────
]]>
</failure>
<system-out>
<![CDATA[
[[ATTACHMENT|waiter-to-kds-Waiter-to-KD-e2f6f-in-visible-on-waiter-screen-mobile\test-failed-1.png]]

[[ATTACHMENT|waiter-to-kds-Waiter-to-KD-e2f6f-in-visible-on-waiter-screen-mobile\video.webm]]
]]>
</system-out>
</testcase>
</testsuite>
</testsuites>