<testsuites id="" name="" tests="38" failures="19" skipped="0" errors="0" time="472.49260699999996">
<testsuite name="multi-tenant-rls-isolation.spec.ts" timestamp="2026-02-09T05:13:56.216Z" hostname="chromium" tests="19" failures="9" skipped="0" time="203.244" errors="0">
<testcase name="Multi-Tenant RLS Isolation E2E › ✅ RLS: Tenant 1 cannot see Tenant 2 employees" classname="multi-tenant-rls-isolation.spec.ts" time="20.338">
<system-out>
<![CDATA[[authenticateAsAdmin] Set tenant_id in localStorage: 11111111-1111-1111-1111-111111111111
[authenticateAsAdmin] Set tenant_id in localStorage: 22222222-2222-2222-2222-222222222222
]]>
</system-out>
</testcase>
<testcase name="Multi-Tenant RLS Isolation E2E › ✅ RLS: Tenant 1 cannot see Tenant 2 products" classname="multi-tenant-rls-isolation.spec.ts" time="20.134">
<system-out>
<![CDATA[[authenticateAsAdmin] Set tenant_id in localStorage: 11111111-1111-1111-1111-111111111111
[authenticateAsAdmin] Set tenant_id in localStorage: 22222222-2222-2222-2222-222222222222
]]>
</system-out>
</testcase>
<testcase name="Multi-Tenant RLS Isolation E2E › ✅ RLS: Tenant 1 cannot see Tenant 2 orders" classname="multi-tenant-rls-isolation.spec.ts" time="11.463">
<system-out>
<![CDATA[[authenticateAsAdmin] Set tenant_id in localStorage: 11111111-1111-1111-1111-111111111111
[authenticateAsAdmin] Set tenant_id in localStorage: 22222222-2222-2222-2222-222222222222
]]>
</system-out>
</testcase>
<testcase name="Multi-Tenant RLS Isolation E2E › ✅ RLS: Tenant 1 cannot access Tenant 2 employee via direct URL" classname="multi-tenant-rls-isolation.spec.ts" time="11.08">
<failure message="multi-tenant-rls-isolation.spec.ts:205:3 ✅ RLS: Tenant 1 cannot access Tenant 2 employee via direct URL" type="FAILURE">
<![CDATA[  [chromium] › multi-tenant-rls-isolation.spec.ts:205:3 › Multi-Tenant RLS Isolation E2E › ✅ RLS: Tenant 1 cannot access Tenant 2 employee via direct URL 

    Error: expect(received).toBeTruthy()

    Received: false

      216 |
      217 |     const hasError = await isError.isVisible().catch(() => false);
    > 218 |     expect(hasError || isRedirected).toBeTruthy();
          |                                      ^
      219 |   });
      220 |
      221 |   test('✅ RLS: Tenant 1 cannot access Tenant 2 product via direct URL', async ({ page }) => {
        at E:\FREECLOUD\FREECLOUD-IA\PROYECTOS\park\e2e\multi-tenant-rls-isolation.spec.ts:218:38

    attachment #1: screenshot (image/png) ──────────────────────────────────────────────────────────
    ..\test-results\multi-tenant-rls-isolation-8c059-t-2-employee-via-direct-URL-chromium\test-failed-1.png
    ────────────────────────────────────────────────────────────────────────────────────────────────

    attachment #2: video (video/webm) ──────────────────────────────────────────────────────────────
    ..\test-results\multi-tenant-rls-isolation-8c059-t-2-employee-via-direct-URL-chromium\video.webm
    ────────────────────────────────────────────────────────────────────────────────────────────────

    Error Context: ..\test-results\multi-tenant-rls-isolation-8c059-t-2-employee-via-direct-URL-chromium\error-context.md
]]>
</failure>
<system-out>
<![CDATA[[authenticateAsAdmin] Set tenant_id in localStorage: 11111111-1111-1111-1111-111111111111

[[ATTACHMENT|multi-tenant-rls-isolation-8c059-t-2-employee-via-direct-URL-chromium\test-failed-1.png]]

[[ATTACHMENT|multi-tenant-rls-isolation-8c059-t-2-employee-via-direct-URL-chromium\video.webm]]

[[ATTACHMENT|multi-tenant-rls-isolation-8c059-t-2-employee-via-direct-URL-chromium\error-context.md]]
]]>
</system-out>
</testcase>
<testcase name="Multi-Tenant RLS Isolation E2E › ✅ RLS: Tenant 1 cannot access Tenant 2 product via direct URL" classname="multi-tenant-rls-isolation.spec.ts" time="10.773">
<failure message="multi-tenant-rls-isolation.spec.ts:221:3 ✅ RLS: Tenant 1 cannot access Tenant 2 product via direct URL" type="FAILURE">
<![CDATA[  [chromium] › multi-tenant-rls-isolation.spec.ts:221:3 › Multi-Tenant RLS Isolation E2E › ✅ RLS: Tenant 1 cannot access Tenant 2 product via direct URL 

    Error: expect(received).toBeTruthy()

    Received: false

      232 |
      233 |     const hasError = await isError.isVisible().catch(() => false);
    > 234 |     expect(hasError || isRedirected).toBeTruthy();
          |                                      ^
      235 |   });
      236 |
      237 |   test('✅ RLS: Tenant 1 cannot edit Tenant 2 employee via API', async ({ page }) => {
        at E:\FREECLOUD\FREECLOUD-IA\PROYECTOS\park\e2e\multi-tenant-rls-isolation.spec.ts:234:38

    attachment #1: screenshot (image/png) ──────────────────────────────────────────────────────────
    ..\test-results\multi-tenant-rls-isolation-c2aab-nt-2-product-via-direct-URL-chromium\test-failed-1.png
    ────────────────────────────────────────────────────────────────────────────────────────────────

    attachment #2: video (video/webm) ──────────────────────────────────────────────────────────────
    ..\test-results\multi-tenant-rls-isolation-c2aab-nt-2-product-via-direct-URL-chromium\video.webm
    ────────────────────────────────────────────────────────────────────────────────────────────────

    Error Context: ..\test-results\multi-tenant-rls-isolation-c2aab-nt-2-product-via-direct-URL-chromium\error-context.md
]]>
</failure>
<system-out>
<![CDATA[[authenticateAsAdmin] Set tenant_id in localStorage: 11111111-1111-1111-1111-111111111111

[[ATTACHMENT|multi-tenant-rls-isolation-c2aab-nt-2-product-via-direct-URL-chromium\test-failed-1.png]]

[[ATTACHMENT|multi-tenant-rls-isolation-c2aab-nt-2-product-via-direct-URL-chromium\video.webm]]

[[ATTACHMENT|multi-tenant-rls-isolation-c2aab-nt-2-product-via-direct-URL-chromium\error-context.md]]
]]>
</system-out>
</testcase>
<testcase name="Multi-Tenant RLS Isolation E2E › ✅ RLS: Tenant 1 cannot edit Tenant 2 employee via API" classname="multi-tenant-rls-isolation.spec.ts" time="4.461">
<failure message="multi-tenant-rls-isolation.spec.ts:237:3 ✅ RLS: Tenant 1 cannot edit Tenant 2 employee via API" type="FAILURE">
<![CDATA[  [chromium] › multi-tenant-rls-isolation.spec.ts:237:3 › Multi-Tenant RLS Isolation E2E › ✅ RLS: Tenant 1 cannot edit Tenant 2 employee via API 

    Error: expect(received).toContain(expected) // indexOf

    Expected value: 400
    Received array: [403, 404, 401]

      247 |
      248 |     // Should return 403 or 404
    > 249 |     expect([403, 404, 401]).toContain(response.status());
          |                             ^
      250 |   });
      251 |
      252 |   test('✅ RLS: Tenant 1 cannot delete Tenant 2 product via API', async ({ page }) => {
        at E:\FREECLOUD\FREECLOUD-IA\PROYECTOS\park\e2e\multi-tenant-rls-isolation.spec.ts:249:29

    attachment #1: screenshot (image/png) ──────────────────────────────────────────────────────────
    ..\test-results\multi-tenant-rls-isolation-cd379-t-Tenant-2-employee-via-API-chromium\test-failed-1.png
    ────────────────────────────────────────────────────────────────────────────────────────────────

    attachment #2: video (video/webm) ──────────────────────────────────────────────────────────────
    ..\test-results\multi-tenant-rls-isolation-cd379-t-Tenant-2-employee-via-API-chromium\video.webm
    ────────────────────────────────────────────────────────────────────────────────────────────────

    Error Context: ..\test-results\multi-tenant-rls-isolation-cd379-t-Tenant-2-employee-via-API-chromium\error-context.md
]]>
</failure>
<system-out>
<![CDATA[[authenticateAsAdmin] Set tenant_id in localStorage: 11111111-1111-1111-1111-111111111111

[[ATTACHMENT|multi-tenant-rls-isolation-cd379-t-Tenant-2-employee-via-API-chromium\test-failed-1.png]]

[[ATTACHMENT|multi-tenant-rls-isolation-cd379-t-Tenant-2-employee-via-API-chromium\video.webm]]

[[ATTACHMENT|multi-tenant-rls-isolation-cd379-t-Tenant-2-employee-via-API-chromium\error-context.md]]
]]>
</system-out>
</testcase>
<testcase name="Multi-Tenant RLS Isolation E2E › ✅ RLS: Tenant 1 cannot delete Tenant 2 product via API" classname="multi-tenant-rls-isolation.spec.ts" time="4.523">
<failure message="multi-tenant-rls-isolation.spec.ts:252:3 ✅ RLS: Tenant 1 cannot delete Tenant 2 product via API" type="FAILURE">
<![CDATA[  [chromium] › multi-tenant-rls-isolation.spec.ts:252:3 › Multi-Tenant RLS Isolation E2E › ✅ RLS: Tenant 1 cannot delete Tenant 2 product via API 

    Error: expect(received).toContain(expected) // indexOf

    Expected value: 400
    Received array: [403, 404, 401]

      258 |
      259 |     // Should return 403 or 404
    > 260 |     expect([403, 404, 401]).toContain(response.status());
          |                             ^
      261 |   });
      262 |
      263 |   test('✅ RLS: Tenant 1 cannot create employee for Tenant 2', async ({ page }) => {
        at E:\FREECLOUD\FREECLOUD-IA\PROYECTOS\park\e2e\multi-tenant-rls-isolation.spec.ts:260:29

    attachment #1: screenshot (image/png) ──────────────────────────────────────────────────────────
    ..\test-results\multi-tenant-rls-isolation-1dee5-te-Tenant-2-product-via-API-chromium\test-failed-1.png
    ────────────────────────────────────────────────────────────────────────────────────────────────

    attachment #2: video (video/webm) ──────────────────────────────────────────────────────────────
    ..\test-results\multi-tenant-rls-isolation-1dee5-te-Tenant-2-product-via-API-chromium\video.webm
    ────────────────────────────────────────────────────────────────────────────────────────────────

    Error Context: ..\test-results\multi-tenant-rls-isolation-1dee5-te-Tenant-2-product-via-API-chromium\error-context.md
]]>
</failure>
<system-out>
<![CDATA[[authenticateAsAdmin] Set tenant_id in localStorage: 11111111-1111-1111-1111-111111111111

[[ATTACHMENT|multi-tenant-rls-isolation-1dee5-te-Tenant-2-product-via-API-chromium\test-failed-1.png]]

[[ATTACHMENT|multi-tenant-rls-isolation-1dee5-te-Tenant-2-product-via-API-chromium\video.webm]]

[[ATTACHMENT|multi-tenant-rls-isolation-1dee5-te-Tenant-2-product-via-API-chromium\error-context.md]]
]]>
</system-out>
</testcase>
<testcase name="Multi-Tenant RLS Isolation E2E › ✅ RLS: Tenant 1 cannot create employee for Tenant 2" classname="multi-tenant-rls-isolation.spec.ts" time="4.395">
<system-out>
<![CDATA[[authenticateAsAdmin] Set tenant_id in localStorage: 11111111-1111-1111-1111-111111111111
]]>
</system-out>
</testcase>
<testcase name="Multi-Tenant RLS Isolation E2E › ✅ RLS: Tenant 1 cannot view Tenant 2 analytics" classname="multi-tenant-rls-isolation.spec.ts" time="12.864">
<system-out>
<![CDATA[[authenticateAsAdmin] Set tenant_id in localStorage: 11111111-1111-1111-1111-111111111111
[authenticateAsAdmin] Set tenant_id in localStorage: 22222222-2222-2222-2222-222222222222
]]>
</system-out>
</testcase>
<testcase name="Multi-Tenant RLS Isolation E2E › ✅ RLS: Tenant 1 cannot view Tenant 2 audit logs" classname="multi-tenant-rls-isolation.spec.ts" time="11.337">
<system-out>
<![CDATA[[authenticateAsAdmin] Set tenant_id in localStorage: 11111111-1111-1111-1111-111111111111
[authenticateAsAdmin] Set tenant_id in localStorage: 22222222-2222-2222-2222-222222222222
]]>
</system-out>
</testcase>
<testcase name="Multi-Tenant RLS Isolation E2E › ✅ RLS: Tenant 1 cannot view Tenant 2 settings" classname="multi-tenant-rls-isolation.spec.ts" time="17.843">
<failure message="multi-tenant-rls-isolation.spec.ts:340:3 ✅ RLS: Tenant 1 cannot view Tenant 2 settings" type="FAILURE">
<![CDATA[  [chromium] › multi-tenant-rls-isolation.spec.ts:340:3 › Multi-Tenant RLS Isolation E2E › ✅ RLS: Tenant 1 cannot view Tenant 2 settings 

    TimeoutError: page.waitForSelector: Timeout 10000ms exceeded.
    Call log:
      - waiting for locator('[data-testid="pin-pad"]') to be visible


       at helpers\test-utils.ts:327

      325 |     
      326 |     // Wait for PinPad to appear
    > 327 |     await page.waitForSelector('[data-testid="pin-pad"]', { timeout: 10000 });
          |                ^
      328 |     
      329 |     // Enter PIN using PinPad buttons
      330 |     for (const digit of pin) {
        at authenticateAsAdmin (E:\FREECLOUD\FREECLOUD-IA\PROYECTOS\park\e2e\helpers\test-utils.ts:327:16)
        at E:\FREECLOUD\FREECLOUD-IA\PROYECTOS\park\e2e\multi-tenant-rls-isolation.spec.ts:354:5

    attachment #1: screenshot (image/png) ──────────────────────────────────────────────────────────
    ..\test-results\multi-tenant-rls-isolation-13bcb-nnot-view-Tenant-2-settings-chromium\test-failed-1.png
    ────────────────────────────────────────────────────────────────────────────────────────────────

    attachment #2: video (video/webm) ──────────────────────────────────────────────────────────────
    ..\test-results\multi-tenant-rls-isolation-13bcb-nnot-view-Tenant-2-settings-chromium\video.webm
    ────────────────────────────────────────────────────────────────────────────────────────────────

    Error Context: ..\test-results\multi-tenant-rls-isolation-13bcb-nnot-view-Tenant-2-settings-chromium\error-context.md
]]>
</failure>
<system-out>
<![CDATA[[authenticateAsAdmin] Set tenant_id in localStorage: 11111111-1111-1111-1111-111111111111
[authenticateAsAdmin] Set tenant_id in localStorage: 22222222-2222-2222-2222-222222222222

[[ATTACHMENT|multi-tenant-rls-isolation-13bcb-nnot-view-Tenant-2-settings-chromium\test-failed-1.png]]

[[ATTACHMENT|multi-tenant-rls-isolation-13bcb-nnot-view-Tenant-2-settings-chromium\video.webm]]

[[ATTACHMENT|multi-tenant-rls-isolation-13bcb-nnot-view-Tenant-2-settings-chromium\error-context.md]]
]]>
</system-out>
</testcase>
<testcase name="Multi-Tenant RLS Isolation E2E › ✅ RLS: Cross-tenant API calls are blocked" classname="multi-tenant-rls-isolation.spec.ts" time="5.634">
<failure message="multi-tenant-rls-isolation.spec.ts:366:3 ✅ RLS: Cross-tenant API calls are blocked" type="FAILURE">
<![CDATA[  [chromium] › multi-tenant-rls-isolation.spec.ts:366:3 › Multi-Tenant RLS Isolation E2E › ✅ RLS: Cross-tenant API calls are blocked 

    Error: expect(received).toBeTruthy()

    Received: false

      377 |       const employees = data.data || data;
      378 |       // Should return empty array or only Tenant 1 employees
    > 379 |       expect(Array.isArray(employees)).toBeTruthy();
          |                                        ^
      380 |       // If it returns data, it should be for Tenant 1
      381 |       if (employees.length > 0) {
      382 |         expect(employees[0].tenant_id).toBe(tenant1.id);
        at E:\FREECLOUD\FREECLOUD-IA\PROYECTOS\park\e2e\multi-tenant-rls-isolation.spec.ts:379:40

    attachment #1: screenshot (image/png) ──────────────────────────────────────────────────────────
    ..\test-results\multi-tenant-rls-isolation-6b2af-enant-API-calls-are-blocked-chromium\test-failed-1.png
    ────────────────────────────────────────────────────────────────────────────────────────────────

    attachment #2: video (video/webm) ──────────────────────────────────────────────────────────────
    ..\test-results\multi-tenant-rls-isolation-6b2af-enant-API-calls-are-blocked-chromium\video.webm
    ────────────────────────────────────────────────────────────────────────────────────────────────

    Error Context: ..\test-results\multi-tenant-rls-isolation-6b2af-enant-API-calls-are-blocked-chromium\error-context.md
]]>
</failure>
<system-out>
<![CDATA[[authenticateAsAdmin] Set tenant_id in localStorage: 11111111-1111-1111-1111-111111111111

[[ATTACHMENT|multi-tenant-rls-isolation-6b2af-enant-API-calls-are-blocked-chromium\test-failed-1.png]]

[[ATTACHMENT|multi-tenant-rls-isolation-6b2af-enant-API-calls-are-blocked-chromium\video.webm]]

[[ATTACHMENT|multi-tenant-rls-isolation-6b2af-enant-API-calls-are-blocked-chromium\error-context.md]]
]]>
</system-out>
</testcase>
<testcase name="Multi-Tenant RLS Isolation E2E › ✅ RLS: Tenant switching clears previous tenant data" classname="multi-tenant-rls-isolation.spec.ts" time="30.25">
<failure message="multi-tenant-rls-isolation.spec.ts:389:3 ✅ RLS: Tenant switching clears previous tenant data" type="FAILURE">
<![CDATA[  [chromium] › multi-tenant-rls-isolation.spec.ts:389:3 › Multi-Tenant RLS Isolation E2E › ✅ RLS: Tenant switching clears previous tenant data 

    Test timeout of 30000ms exceeded.

    Error: locator.allTextContents: Target page, context or browser has been closed

      464 |     // Get Tenant 1 employees again
      465 |     const tenant1EmployeesAgainLocator = page.locator('[data-testid="employee-name"]');
    > 466 |     const tenant1EmployeesAgain = await tenant1EmployeesAgainLocator.allTextContents();
          |                                                                      ^
      467 |
      468 |     // Verify we're back to Tenant 1 data
      469 |     expect(tenant1EmployeesAgain).toEqual(tenant1Employees);
        at E:\FREECLOUD\FREECLOUD-IA\PROYECTOS\park\e2e\multi-tenant-rls-isolation.spec.ts:466:70

    attachment #1: screenshot (image/png) ──────────────────────────────────────────────────────────
    ..\test-results\multi-tenant-rls-isolation-f8d5e-clears-previous-tenant-data-chromium\test-failed-1.png
    ────────────────────────────────────────────────────────────────────────────────────────────────

    attachment #2: video (video/webm) ──────────────────────────────────────────────────────────────
    ..\test-results\multi-tenant-rls-isolation-f8d5e-clears-previous-tenant-data-chromium\video.webm
    ────────────────────────────────────────────────────────────────────────────────────────────────

    Error Context: ..\test-results\multi-tenant-rls-isolation-f8d5e-clears-previous-tenant-data-chromium\error-context.md
]]>
</failure>
<system-out>
<![CDATA[[authenticateAsAdmin] Set tenant_id in localStorage: 11111111-1111-1111-1111-111111111111
[authenticateAsAdmin] Set tenant_id in localStorage: 22222222-2222-2222-2222-222222222222
[authenticateAsAdmin] Set tenant_id in localStorage: 11111111-1111-1111-1111-111111111111

[[ATTACHMENT|multi-tenant-rls-isolation-f8d5e-clears-previous-tenant-data-chromium\test-failed-1.png]]

[[ATTACHMENT|multi-tenant-rls-isolation-f8d5e-clears-previous-tenant-data-chromium\video.webm]]

[[ATTACHMENT|multi-tenant-rls-isolation-f8d5e-clears-previous-tenant-data-chromium\error-context.md]]
]]>
</system-out>
</testcase>
<testcase name="Multi-Tenant RLS Isolation E2E › ✅ RLS: Tenant 1 cannot bulk import data for Tenant 2" classname="multi-tenant-rls-isolation.spec.ts" time="5.197">
<system-out>
<![CDATA[[authenticateAsAdmin] Set tenant_id in localStorage: 11111111-1111-1111-1111-111111111111
]]>
</system-out>
</testcase>
<testcase name="Multi-Tenant RLS Isolation E2E › ✅ RLS: Tenant 1 cannot export Tenant 2 data" classname="multi-tenant-rls-isolation.spec.ts" time="10.963">
<failure message="multi-tenant-rls-isolation.spec.ts:496:3 ✅ RLS: Tenant 1 cannot export Tenant 2 data" type="FAILURE">
<![CDATA[  [chromium] › multi-tenant-rls-isolation.spec.ts:496:3 › Multi-Tenant RLS Isolation E2E › ✅ RLS: Tenant 1 cannot export Tenant 2 data 

    Error: expect(received).toContain(expected) // indexOf

    Expected value: 500
    Received array: [403, 404, 401, 400]

      507 |
      508 |     // Should fail
    > 509 |     expect([403, 404, 401, 400]).toContain(response.status());
          |                                  ^
      510 |   });
      511 |
      512 |   test('✅ RLS: Tenant 1 cannot restore Tenant 2 backup', async ({ page }) => {
        at E:\FREECLOUD\FREECLOUD-IA\PROYECTOS\park\e2e\multi-tenant-rls-isolation.spec.ts:509:34

    attachment #1: screenshot (image/png) ──────────────────────────────────────────────────────────
    ..\test-results\multi-tenant-rls-isolation-0b806-cannot-export-Tenant-2-data-chromium\test-failed-1.png
    ────────────────────────────────────────────────────────────────────────────────────────────────

    attachment #2: video (video/webm) ──────────────────────────────────────────────────────────────
    ..\test-results\multi-tenant-rls-isolation-0b806-cannot-export-Tenant-2-data-chromium\video.webm
    ────────────────────────────────────────────────────────────────────────────────────────────────

    Error Context: ..\test-results\multi-tenant-rls-isolation-0b806-cannot-export-Tenant-2-data-chromium\error-context.md
]]>
</failure>
<system-out>
<![CDATA[[authenticateAsAdmin] Set tenant_id in localStorage: 11111111-1111-1111-1111-111111111111

[[ATTACHMENT|multi-tenant-rls-isolation-0b806-cannot-export-Tenant-2-data-chromium\test-failed-1.png]]

[[ATTACHMENT|multi-tenant-rls-isolation-0b806-cannot-export-Tenant-2-data-chromium\video.webm]]

[[ATTACHMENT|multi-tenant-rls-isolation-0b806-cannot-export-Tenant-2-data-chromium\error-context.md]]
]]>
</system-out>
</testcase>
<testcase name="Multi-Tenant RLS Isolation E2E › ✅ RLS: Tenant 1 cannot restore Tenant 2 backup" classname="multi-tenant-rls-isolation.spec.ts" time="4.598">
<system-out>
<![CDATA[[authenticateAsAdmin] Set tenant_id in localStorage: 11111111-1111-1111-1111-111111111111
]]>
</system-out>
</testcase>
<testcase name="Multi-Tenant RLS Isolation E2E › ✅ RLS: Tenant 1 cannot modify Tenant 2 configuration" classname="multi-tenant-rls-isolation.spec.ts" time="6.898">
<failure message="multi-tenant-rls-isolation.spec.ts:528:3 ✅ RLS: Tenant 1 cannot modify Tenant 2 configuration" type="FAILURE">
<![CDATA[  [chromium] › multi-tenant-rls-isolation.spec.ts:528:3 › Multi-Tenant RLS Isolation E2E › ✅ RLS: Tenant 1 cannot modify Tenant 2 configuration 

    Error: expect(received).toContain(expected) // indexOf

    Expected value: 500
    Received array: [403, 404, 401, 400]

      544 |       expect(data.tenant_id).toBe(tenant1.id);
      545 |     } else {
    > 546 |       expect([403, 404, 401, 400]).toContain(response.status());
          |                                    ^
      547 |     }
      548 |   });
      549 |
        at E:\FREECLOUD\FREECLOUD-IA\PROYECTOS\park\e2e\multi-tenant-rls-isolation.spec.ts:546:36

    attachment #1: screenshot (image/png) ──────────────────────────────────────────────────────────
    ..\test-results\multi-tenant-rls-isolation-20d64-dify-Tenant-2-configuration-chromium\test-failed-1.png
    ────────────────────────────────────────────────────────────────────────────────────────────────

    attachment #2: video (video/webm) ──────────────────────────────────────────────────────────────
    ..\test-results\multi-tenant-rls-isolation-20d64-dify-Tenant-2-configuration-chromium\video.webm
    ────────────────────────────────────────────────────────────────────────────────────────────────

    Error Context: ..\test-results\multi-tenant-rls-isolation-20d64-dify-Tenant-2-configuration-chromium\error-context.md
]]>
</failure>
<system-out>
<![CDATA[[authenticateAsAdmin] Set tenant_id in localStorage: 11111111-1111-1111-1111-111111111111

[[ATTACHMENT|multi-tenant-rls-isolation-20d64-dify-Tenant-2-configuration-chromium\test-failed-1.png]]

[[ATTACHMENT|multi-tenant-rls-isolation-20d64-dify-Tenant-2-configuration-chromium\video.webm]]

[[ATTACHMENT|multi-tenant-rls-isolation-20d64-dify-Tenant-2-configuration-chromium\error-context.md]]
]]>
</system-out>
</testcase>
<testcase name="Multi-Tenant RLS Isolation E2E › ✅ RLS: Tenant 1 cannot view Tenant 2 quotas" classname="multi-tenant-rls-isolation.spec.ts" time="5.339">
<system-out>
<![CDATA[[authenticateAsAdmin] Set tenant_id in localStorage: 11111111-1111-1111-1111-111111111111
]]>
</system-out>
</testcase>
<testcase name="Multi-Tenant RLS Isolation E2E › ✅ RLS: Tenant 1 cannot modify Tenant 2 quotas" classname="multi-tenant-rls-isolation.spec.ts" time="5.154">
<system-out>
<![CDATA[[authenticateAsAdmin] Set tenant_id in localStorage: 11111111-1111-1111-1111-111111111111
]]>
</system-out>
</testcase>
</testsuite>
<testsuite name="multi-tenant-rls-isolation.spec.ts" timestamp="2026-02-09T05:13:56.216Z" hostname="mobile" tests="19" failures="10" skipped="0" time="223.857" errors="0">
<testcase name="Multi-Tenant RLS Isolation E2E › ✅ RLS: Tenant 1 cannot see Tenant 2 employees" classname="multi-tenant-rls-isolation.spec.ts" time="20.213">
<system-out>
<![CDATA[[authenticateAsAdmin] Set tenant_id in localStorage: 11111111-1111-1111-1111-111111111111
[authenticateAsAdmin] Set tenant_id in localStorage: 22222222-2222-2222-2222-222222222222
]]>
</system-out>
</testcase>
<testcase name="Multi-Tenant RLS Isolation E2E › ✅ RLS: Tenant 1 cannot see Tenant 2 products" classname="multi-tenant-rls-isolation.spec.ts" time="30.42">
<failure message="multi-tenant-rls-isolation.spec.ts:102:3 ✅ RLS: Tenant 1 cannot see Tenant 2 products" type="FAILURE">
<![CDATA[  [mobile] › multi-tenant-rls-isolation.spec.ts:102:3 › Multi-Tenant RLS Isolation E2E › ✅ RLS: Tenant 1 cannot see Tenant 2 products 

    Test timeout of 30000ms exceeded.

    Error: page.click: Test timeout of 30000ms exceeded.
    Call log:
      - waiting for locator('button:has-text("Cerrar Sesión")')
        - locator resolved to <button class="w-full flex items-center gap-2 px-3 py-2 text-sm text-red-400 hover:bg-red-500/10 rounded-lg transition-colors min-h-[44px]">…</button>
      - attempting click action
        2 × waiting for element to be visible, enabled and stable
          - element is visible, enabled and stable
          - scrolling into view if needed
          - done scrolling
          - <div class="fixed inset-0 z-40"></div> intercepts pointer events
        - retrying click action
        - waiting 20ms
        2 × waiting for element to be visible, enabled and stable
          - element is visible, enabled and stable
          - scrolling into view if needed
          - done scrolling
          - <div class="fixed inset-0 z-40"></div> intercepts pointer events
        - retrying click action
          - waiting 100ms
        38 × waiting for element to be visible, enabled and stable
           - element is visible, enabled and stable
           - scrolling into view if needed
           - done scrolling
           - <div class="fixed inset-0 z-40"></div> intercepts pointer events
         - retrying click action
           - waiting 500ms


       at helpers\test-utils.ts:355

      353 |     
      354 |     // Click logout button
    > 355 |     await page.click('button:has-text("Cerrar Sesión")');
          |                ^
      356 |     
      357 |     // Wait for logout to complete
      358 |     await page.waitForTimeout(1000);
        at logoutFromAdmin (E:\FREECLOUD\FREECLOUD-IA\PROYECTOS\park\e2e\helpers\test-utils.ts:355:16)
        at E:\FREECLOUD\FREECLOUD-IA\PROYECTOS\park\e2e\multi-tenant-rls-isolation.spec.ts:133:5

    attachment #1: screenshot (image/png) ──────────────────────────────────────────────────────────
    ..\test-results\multi-tenant-rls-isolation-3b756-annot-see-Tenant-2-products-mobile\test-failed-1.png
    ────────────────────────────────────────────────────────────────────────────────────────────────

    attachment #2: video (video/webm) ──────────────────────────────────────────────────────────────
    ..\test-results\multi-tenant-rls-isolation-3b756-annot-see-Tenant-2-products-mobile\video.webm
    ────────────────────────────────────────────────────────────────────────────────────────────────

    Error Context: ..\test-results\multi-tenant-rls-isolation-3b756-annot-see-Tenant-2-products-mobile\error-context.md
]]>
</failure>
<system-out>
<![CDATA[[authenticateAsAdmin] Set tenant_id in localStorage: 11111111-1111-1111-1111-111111111111

[[ATTACHMENT|multi-tenant-rls-isolation-3b756-annot-see-Tenant-2-products-mobile\test-failed-1.png]]

[[ATTACHMENT|multi-tenant-rls-isolation-3b756-annot-see-Tenant-2-products-mobile\video.webm]]

[[ATTACHMENT|multi-tenant-rls-isolation-3b756-annot-see-Tenant-2-products-mobile\error-context.md]]
]]>
</system-out>
</testcase>
<testcase name="Multi-Tenant RLS Isolation E2E › ✅ RLS: Tenant 1 cannot see Tenant 2 orders" classname="multi-tenant-rls-isolation.spec.ts" time="11.867">
<system-out>
<![CDATA[[authenticateAsAdmin] Set tenant_id in localStorage: 11111111-1111-1111-1111-111111111111
[authenticateAsAdmin] Set tenant_id in localStorage: 22222222-2222-2222-2222-222222222222
]]>
</system-out>
</testcase>
<testcase name="Multi-Tenant RLS Isolation E2E › ✅ RLS: Tenant 1 cannot access Tenant 2 employee via direct URL" classname="multi-tenant-rls-isolation.spec.ts" time="9.892">
<failure message="multi-tenant-rls-isolation.spec.ts:205:3 ✅ RLS: Tenant 1 cannot access Tenant 2 employee via direct URL" type="FAILURE">
<![CDATA[  [mobile] › multi-tenant-rls-isolation.spec.ts:205:3 › Multi-Tenant RLS Isolation E2E › ✅ RLS: Tenant 1 cannot access Tenant 2 employee via direct URL 

    Error: expect(received).toBeTruthy()

    Received: false

      216 |
      217 |     const hasError = await isError.isVisible().catch(() => false);
    > 218 |     expect(hasError || isRedirected).toBeTruthy();
          |                                      ^
      219 |   });
      220 |
      221 |   test('✅ RLS: Tenant 1 cannot access Tenant 2 product via direct URL', async ({ page }) => {
        at E:\FREECLOUD\FREECLOUD-IA\PROYECTOS\park\e2e\multi-tenant-rls-isolation.spec.ts:218:38

    attachment #1: screenshot (image/png) ──────────────────────────────────────────────────────────
    ..\test-results\multi-tenant-rls-isolation-8c059-t-2-employee-via-direct-URL-mobile\test-failed-1.png
    ────────────────────────────────────────────────────────────────────────────────────────────────

    attachment #2: video (video/webm) ──────────────────────────────────────────────────────────────
    ..\test-results\multi-tenant-rls-isolation-8c059-t-2-employee-via-direct-URL-mobile\video.webm
    ────────────────────────────────────────────────────────────────────────────────────────────────

    Error Context: ..\test-results\multi-tenant-rls-isolation-8c059-t-2-employee-via-direct-URL-mobile\error-context.md
]]>
</failure>
<system-out>
<![CDATA[[authenticateAsAdmin] Set tenant_id in localStorage: 11111111-1111-1111-1111-111111111111

[[ATTACHMENT|multi-tenant-rls-isolation-8c059-t-2-employee-via-direct-URL-mobile\test-failed-1.png]]

[[ATTACHMENT|multi-tenant-rls-isolation-8c059-t-2-employee-via-direct-URL-mobile\video.webm]]

[[ATTACHMENT|multi-tenant-rls-isolation-8c059-t-2-employee-via-direct-URL-mobile\error-context.md]]
]]>
</system-out>
</testcase>
<testcase name="Multi-Tenant RLS Isolation E2E › ✅ RLS: Tenant 1 cannot access Tenant 2 product via direct URL" classname="multi-tenant-rls-isolation.spec.ts" time="10.161">
<failure message="multi-tenant-rls-isolation.spec.ts:221:3 ✅ RLS: Tenant 1 cannot access Tenant 2 product via direct URL" type="FAILURE">
<![CDATA[  [mobile] › multi-tenant-rls-isolation.spec.ts:221:3 › Multi-Tenant RLS Isolation E2E › ✅ RLS: Tenant 1 cannot access Tenant 2 product via direct URL 

    Error: expect(received).toBeTruthy()

    Received: false

      232 |
      233 |     const hasError = await isError.isVisible().catch(() => false);
    > 234 |     expect(hasError || isRedirected).toBeTruthy();
          |                                      ^
      235 |   });
      236 |
      237 |   test('✅ RLS: Tenant 1 cannot edit Tenant 2 employee via API', async ({ page }) => {
        at E:\FREECLOUD\FREECLOUD-IA\PROYECTOS\park\e2e\multi-tenant-rls-isolation.spec.ts:234:38

    attachment #1: screenshot (image/png) ──────────────────────────────────────────────────────────
    ..\test-results\multi-tenant-rls-isolation-c2aab-nt-2-product-via-direct-URL-mobile\test-failed-1.png
    ────────────────────────────────────────────────────────────────────────────────────────────────

    attachment #2: video (video/webm) ──────────────────────────────────────────────────────────────
    ..\test-results\multi-tenant-rls-isolation-c2aab-nt-2-product-via-direct-URL-mobile\video.webm
    ────────────────────────────────────────────────────────────────────────────────────────────────

    Error Context: ..\test-results\multi-tenant-rls-isolation-c2aab-nt-2-product-via-direct-URL-mobile\error-context.md
]]>
</failure>
<system-out>
<![CDATA[[authenticateAsAdmin] Set tenant_id in localStorage: 11111111-1111-1111-1111-111111111111

[[ATTACHMENT|multi-tenant-rls-isolation-c2aab-nt-2-product-via-direct-URL-mobile\test-failed-1.png]]

[[ATTACHMENT|multi-tenant-rls-isolation-c2aab-nt-2-product-via-direct-URL-mobile\video.webm]]

[[ATTACHMENT|multi-tenant-rls-isolation-c2aab-nt-2-product-via-direct-URL-mobile\error-context.md]]
]]>
</system-out>
</testcase>
<testcase name="Multi-Tenant RLS Isolation E2E › ✅ RLS: Tenant 1 cannot edit Tenant 2 employee via API" classname="multi-tenant-rls-isolation.spec.ts" time="4.971">
<failure message="multi-tenant-rls-isolation.spec.ts:237:3 ✅ RLS: Tenant 1 cannot edit Tenant 2 employee via API" type="FAILURE">
<![CDATA[  [mobile] › multi-tenant-rls-isolation.spec.ts:237:3 › Multi-Tenant RLS Isolation E2E › ✅ RLS: Tenant 1 cannot edit Tenant 2 employee via API 

    Error: expect(received).toContain(expected) // indexOf

    Expected value: 400
    Received array: [403, 404, 401]

      247 |
      248 |     // Should return 403 or 404
    > 249 |     expect([403, 404, 401]).toContain(response.status());
          |                             ^
      250 |   });
      251 |
      252 |   test('✅ RLS: Tenant 1 cannot delete Tenant 2 product via API', async ({ page }) => {
        at E:\FREECLOUD\FREECLOUD-IA\PROYECTOS\park\e2e\multi-tenant-rls-isolation.spec.ts:249:29

    attachment #1: screenshot (image/png) ──────────────────────────────────────────────────────────
    ..\test-results\multi-tenant-rls-isolation-cd379-t-Tenant-2-employee-via-API-mobile\test-failed-1.png
    ────────────────────────────────────────────────────────────────────────────────────────────────

    attachment #2: video (video/webm) ──────────────────────────────────────────────────────────────
    ..\test-results\multi-tenant-rls-isolation-cd379-t-Tenant-2-employee-via-API-mobile\video.webm
    ────────────────────────────────────────────────────────────────────────────────────────────────

    Error Context: ..\test-results\multi-tenant-rls-isolation-cd379-t-Tenant-2-employee-via-API-mobile\error-context.md
]]>
</failure>
<system-out>
<![CDATA[[authenticateAsAdmin] Set tenant_id in localStorage: 11111111-1111-1111-1111-111111111111

[[ATTACHMENT|multi-tenant-rls-isolation-cd379-t-Tenant-2-employee-via-API-mobile\test-failed-1.png]]

[[ATTACHMENT|multi-tenant-rls-isolation-cd379-t-Tenant-2-employee-via-API-mobile\video.webm]]

[[ATTACHMENT|multi-tenant-rls-isolation-cd379-t-Tenant-2-employee-via-API-mobile\error-context.md]]
]]>
</system-out>
</testcase>
<testcase name="Multi-Tenant RLS Isolation E2E › ✅ RLS: Tenant 1 cannot delete Tenant 2 product via API" classname="multi-tenant-rls-isolation.spec.ts" time="4.712">
<failure message="multi-tenant-rls-isolation.spec.ts:252:3 ✅ RLS: Tenant 1 cannot delete Tenant 2 product via API" type="FAILURE">
<![CDATA[  [mobile] › multi-tenant-rls-isolation.spec.ts:252:3 › Multi-Tenant RLS Isolation E2E › ✅ RLS: Tenant 1 cannot delete Tenant 2 product via API 

    Error: expect(received).toContain(expected) // indexOf

    Expected value: 400
    Received array: [403, 404, 401]

      258 |
      259 |     // Should return 403 or 404
    > 260 |     expect([403, 404, 401]).toContain(response.status());
          |                             ^
      261 |   });
      262 |
      263 |   test('✅ RLS: Tenant 1 cannot create employee for Tenant 2', async ({ page }) => {
        at E:\FREECLOUD\FREECLOUD-IA\PROYECTOS\park\e2e\multi-tenant-rls-isolation.spec.ts:260:29

    attachment #1: screenshot (image/png) ──────────────────────────────────────────────────────────
    ..\test-results\multi-tenant-rls-isolation-1dee5-te-Tenant-2-product-via-API-mobile\test-failed-1.png
    ────────────────────────────────────────────────────────────────────────────────────────────────

    attachment #2: video (video/webm) ──────────────────────────────────────────────────────────────
    ..\test-results\multi-tenant-rls-isolation-1dee5-te-Tenant-2-product-via-API-mobile\video.webm
    ────────────────────────────────────────────────────────────────────────────────────────────────

    Error Context: ..\test-results\multi-tenant-rls-isolation-1dee5-te-Tenant-2-product-via-API-mobile\error-context.md
]]>
</failure>
<system-out>
<![CDATA[[authenticateAsAdmin] Set tenant_id in localStorage: 11111111-1111-1111-1111-111111111111

[[ATTACHMENT|multi-tenant-rls-isolation-1dee5-te-Tenant-2-product-via-API-mobile\test-failed-1.png]]

[[ATTACHMENT|multi-tenant-rls-isolation-1dee5-te-Tenant-2-product-via-API-mobile\video.webm]]

[[ATTACHMENT|multi-tenant-rls-isolation-1dee5-te-Tenant-2-product-via-API-mobile\error-context.md]]
]]>
</system-out>
</testcase>
<testcase name="Multi-Tenant RLS Isolation E2E › ✅ RLS: Tenant 1 cannot create employee for Tenant 2" classname="multi-tenant-rls-isolation.spec.ts" time="4.305">
<system-out>
<![CDATA[[authenticateAsAdmin] Set tenant_id in localStorage: 11111111-1111-1111-1111-111111111111
]]>
</system-out>
</testcase>
<testcase name="Multi-Tenant RLS Isolation E2E › ✅ RLS: Tenant 1 cannot view Tenant 2 analytics" classname="multi-tenant-rls-isolation.spec.ts" time="12.173">
<system-out>
<![CDATA[[authenticateAsAdmin] Set tenant_id in localStorage: 11111111-1111-1111-1111-111111111111
[authenticateAsAdmin] Set tenant_id in localStorage: 22222222-2222-2222-2222-222222222222
]]>
</system-out>
</testcase>
<testcase name="Multi-Tenant RLS Isolation E2E › ✅ RLS: Tenant 1 cannot view Tenant 2 audit logs" classname="multi-tenant-rls-isolation.spec.ts" time="30.272">
<failure message="multi-tenant-rls-isolation.spec.ts:312:3 ✅ RLS: Tenant 1 cannot view Tenant 2 audit logs" type="FAILURE">
<![CDATA[  [mobile] › multi-tenant-rls-isolation.spec.ts:312:3 › Multi-Tenant RLS Isolation E2E › ✅ RLS: Tenant 1 cannot view Tenant 2 audit logs 

    Test timeout of 30000ms exceeded.

    Error: page.click: Test timeout of 30000ms exceeded.
    Call log:
      - waiting for locator('button:has-text("Cerrar Sesión")')
        - locator resolved to <button class="w-full flex items-center gap-2 px-3 py-2 text-sm text-red-400 hover:bg-red-500/10 rounded-lg transition-colors min-h-[44px]">…</button>
      - attempting click action
        2 × waiting for element to be visible, enabled and stable
          - element is visible, enabled and stable
          - scrolling into view if needed
          - done scrolling
          - <div class="fixed inset-0 z-40"></div> intercepts pointer events
        - retrying click action
        - waiting 20ms
        2 × waiting for element to be visible, enabled and stable
          - element is visible, enabled and stable
          - scrolling into view if needed
          - done scrolling
          - <div class="fixed inset-0 z-40"></div> intercepts pointer events
        - retrying click action
          - waiting 100ms
        46 × waiting for element to be visible, enabled and stable
           - element is visible, enabled and stable
           - scrolling into view if needed
           - done scrolling
           - <div class="fixed inset-0 z-40"></div> intercepts pointer events
         - retrying click action
           - waiting 500ms


       at helpers\test-utils.ts:355

      353 |     
      354 |     // Click logout button
    > 355 |     await page.click('button:has-text("Cerrar Sesión")');
          |                ^
      356 |     
      357 |     // Wait for logout to complete
      358 |     await page.waitForTimeout(1000);
        at logoutFromAdmin (E:\FREECLOUD\FREECLOUD-IA\PROYECTOS\park\e2e\helpers\test-utils.ts:355:16)
        at E:\FREECLOUD\FREECLOUD-IA\PROYECTOS\park\e2e\multi-tenant-rls-isolation.spec.ts:323:5

    attachment #1: screenshot (image/png) ──────────────────────────────────────────────────────────
    ..\test-results\multi-tenant-rls-isolation-d0297-ot-view-Tenant-2-audit-logs-mobile\test-failed-1.png
    ────────────────────────────────────────────────────────────────────────────────────────────────

    attachment #2: video (video/webm) ──────────────────────────────────────────────────────────────
    ..\test-results\multi-tenant-rls-isolation-d0297-ot-view-Tenant-2-audit-logs-mobile\video.webm
    ────────────────────────────────────────────────────────────────────────────────────────────────

    Error Context: ..\test-results\multi-tenant-rls-isolation-d0297-ot-view-Tenant-2-audit-logs-mobile\error-context.md
]]>
</failure>
<system-out>
<![CDATA[[authenticateAsAdmin] Set tenant_id in localStorage: 11111111-1111-1111-1111-111111111111

[[ATTACHMENT|multi-tenant-rls-isolation-d0297-ot-view-Tenant-2-audit-logs-mobile\test-failed-1.png]]

[[ATTACHMENT|multi-tenant-rls-isolation-d0297-ot-view-Tenant-2-audit-logs-mobile\video.webm]]

[[ATTACHMENT|multi-tenant-rls-isolation-d0297-ot-view-Tenant-2-audit-logs-mobile\error-context.md]]
]]>
</system-out>
</testcase>
<testcase name="Multi-Tenant RLS Isolation E2E › ✅ RLS: Tenant 1 cannot view Tenant 2 settings" classname="multi-tenant-rls-isolation.spec.ts" time="14.334">
<failure message="multi-tenant-rls-isolation.spec.ts:340:3 ✅ RLS: Tenant 1 cannot view Tenant 2 settings" type="FAILURE">
<![CDATA[  [mobile] › multi-tenant-rls-isolation.spec.ts:340:3 › Multi-Tenant RLS Isolation E2E › ✅ RLS: Tenant 1 cannot view Tenant 2 settings 

    Error: expect(received).not.toBe(expected) // Object.is equality

    Expected: not ""

      361 |
      362 |     // Verify they are different
    > 363 |     expect(tenant1Name).not.toBe(tenant2Name);
          |                             ^
      364 |   });
      365 |
      366 |   test('✅ RLS: Cross-tenant API calls are blocked', async ({ page }) => {
        at E:\FREECLOUD\FREECLOUD-IA\PROYECTOS\park\e2e\multi-tenant-rls-isolation.spec.ts:363:29

    attachment #1: screenshot (image/png) ──────────────────────────────────────────────────────────
    ..\test-results\multi-tenant-rls-isolation-13bcb-nnot-view-Tenant-2-settings-mobile\test-failed-1.png
    ────────────────────────────────────────────────────────────────────────────────────────────────

    attachment #2: video (video/webm) ──────────────────────────────────────────────────────────────
    ..\test-results\multi-tenant-rls-isolation-13bcb-nnot-view-Tenant-2-settings-mobile\video.webm
    ────────────────────────────────────────────────────────────────────────────────────────────────

    Error Context: ..\test-results\multi-tenant-rls-isolation-13bcb-nnot-view-Tenant-2-settings-mobile\error-context.md
]]>
</failure>
<system-out>
<![CDATA[[authenticateAsAdmin] Set tenant_id in localStorage: 11111111-1111-1111-1111-111111111111
[authenticateAsAdmin] Set tenant_id in localStorage: 22222222-2222-2222-2222-222222222222

[[ATTACHMENT|multi-tenant-rls-isolation-13bcb-nnot-view-Tenant-2-settings-mobile\test-failed-1.png]]

[[ATTACHMENT|multi-tenant-rls-isolation-13bcb-nnot-view-Tenant-2-settings-mobile\video.webm]]

[[ATTACHMENT|multi-tenant-rls-isolation-13bcb-nnot-view-Tenant-2-settings-mobile\error-context.md]]
]]>
</system-out>
</testcase>
<testcase name="Multi-Tenant RLS Isolation E2E › ✅ RLS: Cross-tenant API calls are blocked" classname="multi-tenant-rls-isolation.spec.ts" time="5.366">
<failure message="multi-tenant-rls-isolation.spec.ts:366:3 ✅ RLS: Cross-tenant API calls are blocked" type="FAILURE">
<![CDATA[  [mobile] › multi-tenant-rls-isolation.spec.ts:366:3 › Multi-Tenant RLS Isolation E2E › ✅ RLS: Cross-tenant API calls are blocked 

    Error: expect(received).toBeTruthy()

    Received: false

      377 |       const employees = data.data || data;
      378 |       // Should return empty array or only Tenant 1 employees
    > 379 |       expect(Array.isArray(employees)).toBeTruthy();
          |                                        ^
      380 |       // If it returns data, it should be for Tenant 1
      381 |       if (employees.length > 0) {
      382 |         expect(employees[0].tenant_id).toBe(tenant1.id);
        at E:\FREECLOUD\FREECLOUD-IA\PROYECTOS\park\e2e\multi-tenant-rls-isolation.spec.ts:379:40

    attachment #1: screenshot (image/png) ──────────────────────────────────────────────────────────
    ..\test-results\multi-tenant-rls-isolation-6b2af-enant-API-calls-are-blocked-mobile\test-failed-1.png
    ────────────────────────────────────────────────────────────────────────────────────────────────

    attachment #2: video (video/webm) ──────────────────────────────────────────────────────────────
    ..\test-results\multi-tenant-rls-isolation-6b2af-enant-API-calls-are-blocked-mobile\video.webm
    ────────────────────────────────────────────────────────────────────────────────────────────────

    Error Context: ..\test-results\multi-tenant-rls-isolation-6b2af-enant-API-calls-are-blocked-mobile\error-context.md
]]>
</failure>
<system-out>
<![CDATA[[authenticateAsAdmin] Set tenant_id in localStorage: 11111111-1111-1111-1111-111111111111

[[ATTACHMENT|multi-tenant-rls-isolation-6b2af-enant-API-calls-are-blocked-mobile\test-failed-1.png]]

[[ATTACHMENT|multi-tenant-rls-isolation-6b2af-enant-API-calls-are-blocked-mobile\video.webm]]

[[ATTACHMENT|multi-tenant-rls-isolation-6b2af-enant-API-calls-are-blocked-mobile\error-context.md]]
]]>
</system-out>
</testcase>
<testcase name="Multi-Tenant RLS Isolation E2E › ✅ RLS: Tenant switching clears previous tenant data" classname="multi-tenant-rls-isolation.spec.ts" time="30.205">
<system-out>
<![CDATA[[authenticateAsAdmin] Set tenant_id in localStorage: 11111111-1111-1111-1111-111111111111
[authenticateAsAdmin] Set tenant_id in localStorage: 22222222-2222-2222-2222-222222222222
[authenticateAsAdmin] Set tenant_id in localStorage: 11111111-1111-1111-1111-111111111111
]]>
</system-out>
</testcase>
<testcase name="Multi-Tenant RLS Isolation E2E › ✅ RLS: Tenant 1 cannot bulk import data for Tenant 2" classname="multi-tenant-rls-isolation.spec.ts" time="4.624">
<system-out>
<![CDATA[[authenticateAsAdmin] Set tenant_id in localStorage: 11111111-1111-1111-1111-111111111111
]]>
</system-out>
</testcase>
<testcase name="Multi-Tenant RLS Isolation E2E › ✅ RLS: Tenant 1 cannot export Tenant 2 data" classname="multi-tenant-rls-isolation.spec.ts" time="10.716">
<failure message="multi-tenant-rls-isolation.spec.ts:496:3 ✅ RLS: Tenant 1 cannot export Tenant 2 data" type="FAILURE">
<![CDATA[  [mobile] › multi-tenant-rls-isolation.spec.ts:496:3 › Multi-Tenant RLS Isolation E2E › ✅ RLS: Tenant 1 cannot export Tenant 2 data 

    Error: expect(received).toContain(expected) // indexOf

    Expected value: 500
    Received array: [403, 404, 401, 400]

      507 |
      508 |     // Should fail
    > 509 |     expect([403, 404, 401, 400]).toContain(response.status());
          |                                  ^
      510 |   });
      511 |
      512 |   test('✅ RLS: Tenant 1 cannot restore Tenant 2 backup', async ({ page }) => {
        at E:\FREECLOUD\FREECLOUD-IA\PROYECTOS\park\e2e\multi-tenant-rls-isolation.spec.ts:509:34

    attachment #1: screenshot (image/png) ──────────────────────────────────────────────────────────
    ..\test-results\multi-tenant-rls-isolation-0b806-cannot-export-Tenant-2-data-mobile\test-failed-1.png
    ────────────────────────────────────────────────────────────────────────────────────────────────

    attachment #2: video (video/webm) ──────────────────────────────────────────────────────────────
    ..\test-results\multi-tenant-rls-isolation-0b806-cannot-export-Tenant-2-data-mobile\video.webm
    ────────────────────────────────────────────────────────────────────────────────────────────────

    Error Context: ..\test-results\multi-tenant-rls-isolation-0b806-cannot-export-Tenant-2-data-mobile\error-context.md
]]>
</failure>
<system-out>
<![CDATA[[authenticateAsAdmin] Set tenant_id in localStorage: 11111111-1111-1111-1111-111111111111

[[ATTACHMENT|multi-tenant-rls-isolation-0b806-cannot-export-Tenant-2-data-mobile\test-failed-1.png]]

[[ATTACHMENT|multi-tenant-rls-isolation-0b806-cannot-export-Tenant-2-data-mobile\video.webm]]

[[ATTACHMENT|multi-tenant-rls-isolation-0b806-cannot-export-Tenant-2-data-mobile\error-context.md]]
]]>
</system-out>
</testcase>
<testcase name="Multi-Tenant RLS Isolation E2E › ✅ RLS: Tenant 1 cannot restore Tenant 2 backup" classname="multi-tenant-rls-isolation.spec.ts" time="4.654">
<system-out>
<![CDATA[[authenticateAsAdmin] Set tenant_id in localStorage: 11111111-1111-1111-1111-111111111111
]]>
</system-out>
</testcase>
<testcase name="Multi-Tenant RLS Isolation E2E › ✅ RLS: Tenant 1 cannot modify Tenant 2 configuration" classname="multi-tenant-rls-isolation.spec.ts" time="6.095">
<failure message="multi-tenant-rls-isolation.spec.ts:528:3 ✅ RLS: Tenant 1 cannot modify Tenant 2 configuration" type="FAILURE">
<![CDATA[  [mobile] › multi-tenant-rls-isolation.spec.ts:528:3 › Multi-Tenant RLS Isolation E2E › ✅ RLS: Tenant 1 cannot modify Tenant 2 configuration 

    Error: expect(received).toContain(expected) // indexOf

    Expected value: 500
    Received array: [403, 404, 401, 400]

      544 |       expect(data.tenant_id).toBe(tenant1.id);
      545 |     } else {
    > 546 |       expect([403, 404, 401, 400]).toContain(response.status());
          |                                    ^
      547 |     }
      548 |   });
      549 |
        at E:\FREECLOUD\FREECLOUD-IA\PROYECTOS\park\e2e\multi-tenant-rls-isolation.spec.ts:546:36

    attachment #1: screenshot (image/png) ──────────────────────────────────────────────────────────
    ..\test-results\multi-tenant-rls-isolation-20d64-dify-Tenant-2-configuration-mobile\test-failed-1.png
    ────────────────────────────────────────────────────────────────────────────────────────────────

    attachment #2: video (video/webm) ──────────────────────────────────────────────────────────────
    ..\test-results\multi-tenant-rls-isolation-20d64-dify-Tenant-2-configuration-mobile\video.webm
    ────────────────────────────────────────────────────────────────────────────────────────────────

    Error Context: ..\test-results\multi-tenant-rls-isolation-20d64-dify-Tenant-2-configuration-mobile\error-context.md
]]>
</failure>
<system-out>
<![CDATA[[authenticateAsAdmin] Set tenant_id in localStorage: 11111111-1111-1111-1111-111111111111

[[ATTACHMENT|multi-tenant-rls-isolation-20d64-dify-Tenant-2-configuration-mobile\test-failed-1.png]]

[[ATTACHMENT|multi-tenant-rls-isolation-20d64-dify-Tenant-2-configuration-mobile\video.webm]]

[[ATTACHMENT|multi-tenant-rls-isolation-20d64-dify-Tenant-2-configuration-mobile\error-context.md]]
]]>
</system-out>
</testcase>
<testcase name="Multi-Tenant RLS Isolation E2E › ✅ RLS: Tenant 1 cannot view Tenant 2 quotas" classname="multi-tenant-rls-isolation.spec.ts" time="4.384">
<system-out>
<![CDATA[[authenticateAsAdmin] Set tenant_id in localStorage: 11111111-1111-1111-1111-111111111111
]]>
</system-out>
</testcase>
<testcase name="Multi-Tenant RLS Isolation E2E › ✅ RLS: Tenant 1 cannot modify Tenant 2 quotas" classname="multi-tenant-rls-isolation.spec.ts" time="4.493">
<system-out>
<![CDATA[[authenticateAsAdmin] Set tenant_id in localStorage: 11111111-1111-1111-1111-111111111111
]]>
</system-out>
</testcase>
</testsuite>
</testsuites>